Determining if the pthread_create exist failed with the following output:
Change Dir: /home/jasminedhillon/Workspace/InformationViz/Scatterplot/CMakeFiles/CMakeTmp

Run Build Command:"/usr/bin/make" "cmTC_ff8aa/fast"
/usr/bin/make -f CMakeFiles/cmTC_ff8aa.dir/build.make CMakeFiles/cmTC_ff8aa.dir/build
make[1]: Entering directory '/home/jasminedhillon/Workspace/InformationViz/Scatterplot/CMakeFiles/CMakeTmp'
Building C object CMakeFiles/cmTC_ff8aa.dir/CheckSymbolExists.c.o
/usr/bin/cc     -o CMakeFiles/cmTC_ff8aa.dir/CheckSymbolExists.c.o   -c /home/jasminedhillon/Workspace/InformationViz/Scatterplot/CMakeFiles/CMakeTmp/CheckSymbolExists.c
Linking C executable cmTC_ff8aa
/usr/bin/cmake -E cmake_link_script CMakeFiles/cmTC_ff8aa.dir/link.txt --verbose=1
/usr/bin/cc       CMakeFiles/cmTC_ff8aa.dir/CheckSymbolExists.c.o  -o cmTC_ff8aa -rdynamic 
CMakeFiles/cmTC_ff8aa.dir/CheckSymbolExists.c.o:CheckSymbolExists.c:function main: error: undefined reference to 'pthread_create'
collect2: error: ld returned 1 exit status
CMakeFiles/cmTC_ff8aa.dir/build.make:97: recipe for target 'cmTC_ff8aa' failed
make[1]: *** [cmTC_ff8aa] Error 1
make[1]: Leaving directory '/home/jasminedhillon/Workspace/InformationViz/Scatterplot/CMakeFiles/CMakeTmp'
Makefile:126: recipe for target 'cmTC_ff8aa/fast' failed
make: *** [cmTC_ff8aa/fast] Error 2

File /home/jasminedhillon/Workspace/InformationViz/Scatterplot/CMakeFiles/CMakeTmp/CheckSymbolExists.c:
/* */
#include <pthread.h>

int main(int argc, char** argv)
{
  (void)argv;
#ifndef pthread_create
  return ((int*)(&pthread_create))[argc];
#else
  (void)argc;
  return 0;
#endif
}

Determining if the function pthread_create exists in the pthreads failed with the following output:
Change Dir: /home/jasminedhillon/Workspace/InformationViz/Scatterplot/CMakeFiles/CMakeTmp

Run Build Command:"/usr/bin/make" "cmTC_9509c/fast"
/usr/bin/make -f CMakeFiles/cmTC_9509c.dir/build.make CMakeFiles/cmTC_9509c.dir/build
make[1]: Entering directory '/home/jasminedhillon/Workspace/InformationViz/Scatterplot/CMakeFiles/CMakeTmp'
Building C object CMakeFiles/cmTC_9509c.dir/CheckFunctionExists.c.o
/usr/bin/cc    -DCHECK_FUNCTION_EXISTS=pthread_create   -o CMakeFiles/cmTC_9509c.dir/CheckFunctionExists.c.o   -c /usr/share/cmake-3.5/Modules/CheckFunctionExists.c
Linking C executable cmTC_9509c
/usr/bin/cmake -E cmake_link_script CMakeFiles/cmTC_9509c.dir/link.txt --verbose=1
/usr/bin/cc   -DCHECK_FUNCTION_EXISTS=pthread_create    CMakeFiles/cmTC_9509c.dir/CheckFunctionExists.c.o  -o cmTC_9509c -rdynamic -lpthreads 
/usr/bin/ld: error: cannot find -lpthreads
CMakeFiles/cmTC_9509c.dir/CheckFunctionExists.c.o:CheckFunctionExists.c:function main: error: undefined reference to 'pthread_create'
collect2: error: ld returned 1 exit status
CMakeFiles/cmTC_9509c.dir/build.make:97: recipe for target 'cmTC_9509c' failed
make[1]: *** [cmTC_9509c] Error 1
make[1]: Leaving directory '/home/jasminedhillon/Workspace/InformationViz/Scatterplot/CMakeFiles/CMakeTmp'
Makefile:126: recipe for target 'cmTC_9509c/fast' failed
make: *** [cmTC_9509c/fast] Error 2


Determining if the pthread_create exist failed with the following output:
Change Dir: /home/jasminedhillon/Workspace/InformationViz/ScatterplotMatrix/CMakeFiles/CMakeTmp

Run Build Command:"/usr/bin/make" "cmTC_d263f/fast"
/usr/bin/make -f CMakeFiles/cmTC_d263f.dir/build.make CMakeFiles/cmTC_d263f.dir/build
make[1]: Entering directory '/home/jasminedhillon/Workspace/InformationViz/ScatterplotMatrix/CMakeFiles/CMakeTmp'
Building C object CMakeFiles/cmTC_d263f.dir/CheckSymbolExists.c.o
/usr/bin/cc     -o CMakeFiles/cmTC_d263f.dir/CheckSymbolExists.c.o   -c /home/jasminedhillon/Workspace/InformationViz/ScatterplotMatrix/CMakeFiles/CMakeTmp/CheckSymbolExists.c
Linking C executable cmTC_d263f
/usr/bin/cmake -E cmake_link_script CMakeFiles/cmTC_d263f.dir/link.txt --verbose=1
/usr/bin/cc       CMakeFiles/cmTC_d263f.dir/CheckSymbolExists.c.o  -o cmTC_d263f -rdynamic 
CMakeFiles/cmTC_d263f.dir/CheckSymbolExists.c.o:CheckSymbolExists.c:function main: error: undefined reference to 'pthread_create'
collect2: error: ld returned 1 exit status
CMakeFiles/cmTC_d263f.dir/build.make:97: recipe for target 'cmTC_d263f' failed
make[1]: *** [cmTC_d263f] Error 1
make[1]: Leaving directory '/home/jasminedhillon/Workspace/InformationViz/ScatterplotMatrix/CMakeFiles/CMakeTmp'
Makefile:126: recipe for target 'cmTC_d263f/fast' failed
make: *** [cmTC_d263f/fast] Error 2

File /home/jasminedhillon/Workspace/InformationViz/ScatterplotMatrix/CMakeFiles/CMakeTmp/CheckSymbolExists.c:
/* */
#include <pthread.h>

int main(int argc, char** argv)
{
  (void)argv;
#ifndef pthread_create
  return ((int*)(&pthread_create))[argc];
#else
  (void)argc;
  return 0;
#endif
}

Determining if the function pthread_create exists in the pthreads failed with the following output:
Change Dir: /home/jasminedhillon/Workspace/InformationViz/ScatterplotMatrix/CMakeFiles/CMakeTmp

Run Build Command:"/usr/bin/make" "cmTC_97742/fast"
/usr/bin/make -f CMakeFiles/cmTC_97742.dir/build.make CMakeFiles/cmTC_97742.dir/build
make[1]: Entering directory '/home/jasminedhillon/Workspace/InformationViz/ScatterplotMatrix/CMakeFiles/CMakeTmp'
Building C object CMakeFiles/cmTC_97742.dir/CheckFunctionExists.c.o
/usr/bin/cc    -DCHECK_FUNCTION_EXISTS=pthread_create   -o CMakeFiles/cmTC_97742.dir/CheckFunctionExists.c.o   -c /usr/share/cmake-3.5/Modules/CheckFunctionExists.c
Linking C executable cmTC_97742
/usr/bin/cmake -E cmake_link_script CMakeFiles/cmTC_97742.dir/link.txt --verbose=1
/usr/bin/cc   -DCHECK_FUNCTION_EXISTS=pthread_create    CMakeFiles/cmTC_97742.dir/CheckFunctionExists.c.o  -o cmTC_97742 -rdynamic -lpthreads 
/usr/bin/ld: error: cannot find -lpthreads
CMakeFiles/cmTC_97742.dir/CheckFunctionExists.c.o:CheckFunctionExists.c:function main: error: undefined reference to 'pthread_create'
collect2: error: ld returned 1 exit status
CMakeFiles/cmTC_97742.dir/build.make:97: recipe for target 'cmTC_97742' failed
make[1]: *** [cmTC_97742] Error 1
make[1]: Leaving directory '/home/jasminedhillon/Workspace/InformationViz/ScatterplotMatrix/CMakeFiles/CMakeTmp'
Makefile:126: recipe for target 'cmTC_97742/fast' failed
make: *** [cmTC_97742/fast] Error 2


