The system is: Linux - 4.8.0-58-generic - x86_64
Compiling the C compiler identification source file "CMakeCCompilerId.c" succeeded.
Compiler: /usr/bin/cc 
Build flags: 
Id flags: 

The output was:
0


Compilation of the C compiler identification source "CMakeCCompilerId.c" produced "a.out"

The C compiler identification is GNU, found in "/home/jasminedhillon/Workspace/InformationViz/Scatterplot/CMakeFiles/3.5.1/CompilerIdC/a.out"

Compiling the CXX compiler identification source file "CMakeCXXCompilerId.cpp" succeeded.
Compiler: /usr/bin/c++ 
Build flags: 
Id flags: 

The output was:
0


Compilation of the CXX compiler identification source "CMakeCXXCompilerId.cpp" produced "a.out"

The CXX compiler identification is GNU, found in "/home/jasminedhillon/Workspace/InformationViz/Scatterplot/CMakeFiles/3.5.1/CompilerIdCXX/a.out"

Determining if the C compiler works passed with the following output:
Change Dir: /home/jasminedhillon/Workspace/InformationViz/Scatterplot/CMakeFiles/CMakeTmp

Run Build Command:"/usr/bin/make" "cmTC_562b7/fast"
/usr/bin/make -f CMakeFiles/cmTC_562b7.dir/build.make CMakeFiles/cmTC_562b7.dir/build
make[1]: Entering directory '/home/jasminedhillon/Workspace/InformationViz/Scatterplot/CMakeFiles/CMakeTmp'
Building C object CMakeFiles/cmTC_562b7.dir/testCCompiler.c.o
/usr/bin/cc     -o CMakeFiles/cmTC_562b7.dir/testCCompiler.c.o   -c /home/jasminedhillon/Workspace/InformationViz/Scatterplot/CMakeFiles/CMakeTmp/testCCompiler.c
Linking C executable cmTC_562b7
/usr/bin/cmake -E cmake_link_script CMakeFiles/cmTC_562b7.dir/link.txt --verbose=1
/usr/bin/cc       CMakeFiles/cmTC_562b7.dir/testCCompiler.c.o  -o cmTC_562b7 -rdynamic 
make[1]: Leaving directory '/home/jasminedhillon/Workspace/InformationViz/Scatterplot/CMakeFiles/CMakeTmp'


Detecting C compiler ABI info compiled with the following output:
Change Dir: /home/jasminedhillon/Workspace/InformationViz/Scatterplot/CMakeFiles/CMakeTmp

Run Build Command:"/usr/bin/make" "cmTC_8715c/fast"
/usr/bin/make -f CMakeFiles/cmTC_8715c.dir/build.make CMakeFiles/cmTC_8715c.dir/build
make[1]: Entering directory '/home/jasminedhillon/Workspace/InformationViz/Scatterplot/CMakeFiles/CMakeTmp'
Building C object CMakeFiles/cmTC_8715c.dir/CMakeCCompilerABI.c.o
/usr/bin/cc     -o CMakeFiles/cmTC_8715c.dir/CMakeCCompilerABI.c.o   -c /usr/share/cmake-3.5/Modules/CMakeCCompilerABI.c
Linking C executable cmTC_8715c
/usr/bin/cmake -E cmake_link_script CMakeFiles/cmTC_8715c.dir/link.txt --verbose=1
/usr/bin/cc      -v CMakeFiles/cmTC_8715c.dir/CMakeCCompilerABI.c.o  -o cmTC_8715c -rdynamic  
Using built-in specs.
COLLECT_GCC=/usr/bin/cc
COLLECT_LTO_WRAPPER=/usr/lib/gcc/x86_64-linux-gnu/5/lto-wrapper
Target: x86_64-linux-gnu
Configured with: ../src/configure -v --with-pkgversion='Ubuntu 5.4.1-2ubuntu1~16.04' --with-bugurl=file:///usr/share/doc/gcc-5/README.Bugs --enable-languages=c,ada,c++,java,go,d,fortran,objc,obj-c++ --prefix=/usr --program-suffix=-5 --enable-shared --enable-linker-build-id --libexecdir=/usr/lib --without-included-gettext --enable-threads=posix --libdir=/usr/lib --enable-nls --with-sysroot=/ --enable-clocale=gnu --enable-libstdcxx-debug --enable-libstdcxx-time=yes --with-default-libstdcxx-abi=new --enable-gnu-unique-object --disable-vtable-verify --enable-libmpx --enable-plugin --with-system-zlib --disable-browser-plugin --enable-java-awt=gtk --enable-gtk-cairo --with-java-home=/usr/lib/jvm/java-1.5.0-gcj-5-amd64/jre --enable-java-home --with-jvm-root-dir=/usr/lib/jvm/java-1.5.0-gcj-5-amd64 --with-jvm-jar-dir=/usr/lib/jvm-exports/java-1.5.0-gcj-5-amd64 --with-arch-directory=amd64 --with-ecj-jar=/usr/share/java/eclipse-ecj.jar --enable-objc-gc --enable-multiarch --disable-werror --with-arch-32=i686 --with-abi=m64 --with-multilib-list=m32,m64,mx32 --enable-multilib --with-tune=generic --enable-checking=release --build=x86_64-linux-gnu --host=x86_64-linux-gnu --target=x86_64-linux-gnu
Thread model: posix
gcc version 5.4.1 20160904 (Ubuntu 5.4.1-2ubuntu1~16.04) 
COMPILER_PATH=/usr/lib/gcc/x86_64-linux-gnu/5/:/usr/lib/gcc/x86_64-linux-gnu/5/:/usr/lib/gcc/x86_64-linux-gnu/:/usr/lib/gcc/x86_64-linux-gnu/5/:/usr/lib/gcc/x86_64-linux-gnu/
LIBRARY_PATH=/usr/lib/gcc/x86_64-linux-gnu/5/:/usr/lib/gcc/x86_64-linux-gnu/5/../../../x86_64-linux-gnu/:/usr/lib/gcc/x86_64-linux-gnu/5/../../../../lib/:/lib/x86_64-linux-gnu/:/lib/../lib/:/usr/lib/x86_64-linux-gnu/:/usr/lib/../lib/:/usr/lib/gcc/x86_64-linux-gnu/5/../../../:/lib/:/usr/lib/
COLLECT_GCC_OPTIONS='-v' '-o' 'cmTC_8715c' '-rdynamic' '-mtune=generic' '-march=x86-64'
 /usr/lib/gcc/x86_64-linux-gnu/5/collect2 -plugin /usr/lib/gcc/x86_64-linux-gnu/5/liblto_plugin.so -plugin-opt=/usr/lib/gcc/x86_64-linux-gnu/5/lto-wrapper -plugin-opt=-fresolution=/tmp/cckuDKM9.res -plugin-opt=-pass-through=-lgcc -plugin-opt=-pass-through=-lgcc_s -plugin-opt=-pass-through=-lc -plugin-opt=-pass-through=-lgcc -plugin-opt=-pass-through=-lgcc_s --sysroot=/ --build-id --eh-frame-hdr -m elf_x86_64 --hash-style=gnu --as-needed -export-dynamic -dynamic-linker /lib64/ld-linux-x86-64.so.2 -z relro -o cmTC_8715c /usr/lib/gcc/x86_64-linux-gnu/5/../../../x86_64-linux-gnu/crt1.o /usr/lib/gcc/x86_64-linux-gnu/5/../../../x86_64-linux-gnu/crti.o /usr/lib/gcc/x86_64-linux-gnu/5/crtbegin.o -L/usr/lib/gcc/x86_64-linux-gnu/5 -L/usr/lib/gcc/x86_64-linux-gnu/5/../../../x86_64-linux-gnu -L/usr/lib/gcc/x86_64-linux-gnu/5/../../../../lib -L/lib/x86_64-linux-gnu -L/lib/../lib -L/usr/lib/x86_64-linux-gnu -L/usr/lib/../lib -L/usr/lib/gcc/x86_64-linux-gnu/5/../../.. CMakeFiles/cmTC_8715c.dir/CMakeCCompilerABI.c.o -lgcc --as-needed -lgcc_s --no-as-needed -lc -lgcc --as-needed -lgcc_s --no-as-needed /usr/lib/gcc/x86_64-linux-gnu/5/crtend.o /usr/lib/gcc/x86_64-linux-gnu/5/../../../x86_64-linux-gnu/crtn.o
make[1]: Leaving directory '/home/jasminedhillon/Workspace/InformationViz/Scatterplot/CMakeFiles/CMakeTmp'


Parsed C implicit link information from above output:
  link line regex: [^( *|.*[/\])(ld|([^/\]+-)?ld|collect2)[^/\]*( |$)]
  ignore line: [Change Dir: /home/jasminedhillon/Workspace/InformationViz/Scatterplot/CMakeFiles/CMakeTmp]
  ignore line: []
  ignore line: [Run Build Command:"/usr/bin/make" "cmTC_8715c/fast"]
  ignore line: [/usr/bin/make -f CMakeFiles/cmTC_8715c.dir/build.make CMakeFiles/cmTC_8715c.dir/build]
  ignore line: [make[1]: Entering directory '/home/jasminedhillon/Workspace/InformationViz/Scatterplot/CMakeFiles/CMakeTmp']
  ignore line: [Building C object CMakeFiles/cmTC_8715c.dir/CMakeCCompilerABI.c.o]
  ignore line: [/usr/bin/cc     -o CMakeFiles/cmTC_8715c.dir/CMakeCCompilerABI.c.o   -c /usr/share/cmake-3.5/Modules/CMakeCCompilerABI.c]
  ignore line: [Linking C executable cmTC_8715c]
  ignore line: [/usr/bin/cmake -E cmake_link_script CMakeFiles/cmTC_8715c.dir/link.txt --verbose=1]
  ignore line: [/usr/bin/cc      -v CMakeFiles/cmTC_8715c.dir/CMakeCCompilerABI.c.o  -o cmTC_8715c -rdynamic  ]
  ignore line: [Using built-in specs.]
  ignore line: [COLLECT_GCC=/usr/bin/cc]
  ignore line: [COLLECT_LTO_WRAPPER=/usr/lib/gcc/x86_64-linux-gnu/5/lto-wrapper]
  ignore line: [Target: x86_64-linux-gnu]
  ignore line: [Configured with: ../src/configure -v --with-pkgversion='Ubuntu 5.4.1-2ubuntu1~16.04' --with-bugurl=file:///usr/share/doc/gcc-5/README.Bugs --enable-languages=c,ada,c++,java,go,d,fortran,objc,obj-c++ --prefix=/usr --program-suffix=-5 --enable-shared --enable-linker-build-id --libexecdir=/usr/lib --without-included-gettext --enable-threads=posix --libdir=/usr/lib --enable-nls --with-sysroot=/ --enable-clocale=gnu --enable-libstdcxx-debug --enable-libstdcxx-time=yes --with-default-libstdcxx-abi=new --enable-gnu-unique-object --disable-vtable-verify --enable-libmpx --enable-plugin --with-system-zlib --disable-browser-plugin --enable-java-awt=gtk --enable-gtk-cairo --with-java-home=/usr/lib/jvm/java-1.5.0-gcj-5-amd64/jre --enable-java-home --with-jvm-root-dir=/usr/lib/jvm/java-1.5.0-gcj-5-amd64 --with-jvm-jar-dir=/usr/lib/jvm-exports/java-1.5.0-gcj-5-amd64 --with-arch-directory=amd64 --with-ecj-jar=/usr/share/java/eclipse-ecj.jar --enable-objc-gc --enable-multiarch --disable-werror --with-arch-32=i686 --with-abi=m64 --with-multilib-list=m32,m64,mx32 --enable-multilib --with-tune=generic --enable-checking=release --build=x86_64-linux-gnu --host=x86_64-linux-gnu --target=x86_64-linux-gnu]
  ignore line: [Thread model: posix]
  ignore line: [gcc version 5.4.1 20160904 (Ubuntu 5.4.1-2ubuntu1~16.04) ]
  ignore line: [COMPILER_PATH=/usr/lib/gcc/x86_64-linux-gnu/5/:/usr/lib/gcc/x86_64-linux-gnu/5/:/usr/lib/gcc/x86_64-linux-gnu/:/usr/lib/gcc/x86_64-linux-gnu/5/:/usr/lib/gcc/x86_64-linux-gnu/]
  ignore line: [LIBRARY_PATH=/usr/lib/gcc/x86_64-linux-gnu/5/:/usr/lib/gcc/x86_64-linux-gnu/5/../../../x86_64-linux-gnu/:/usr/lib/gcc/x86_64-linux-gnu/5/../../../../lib/:/lib/x86_64-linux-gnu/:/lib/../lib/:/usr/lib/x86_64-linux-gnu/:/usr/lib/../lib/:/usr/lib/gcc/x86_64-linux-gnu/5/../../../:/lib/:/usr/lib/]
  ignore line: [COLLECT_GCC_OPTIONS='-v' '-o' 'cmTC_8715c' '-rdynamic' '-mtune=generic' '-march=x86-64']
  link line: [ /usr/lib/gcc/x86_64-linux-gnu/5/collect2 -plugin /usr/lib/gcc/x86_64-linux-gnu/5/liblto_plugin.so -plugin-opt=/usr/lib/gcc/x86_64-linux-gnu/5/lto-wrapper -plugin-opt=-fresolution=/tmp/cckuDKM9.res -plugin-opt=-pass-through=-lgcc -plugin-opt=-pass-through=-lgcc_s -plugin-opt=-pass-through=-lc -plugin-opt=-pass-through=-lgcc -plugin-opt=-pass-through=-lgcc_s --sysroot=/ --build-id --eh-frame-hdr -m elf_x86_64 --hash-style=gnu --as-needed -export-dynamic -dynamic-linker /lib64/ld-linux-x86-64.so.2 -z relro -o cmTC_8715c /usr/lib/gcc/x86_64-linux-gnu/5/../../../x86_64-linux-gnu/crt1.o /usr/lib/gcc/x86_64-linux-gnu/5/../../../x86_64-linux-gnu/crti.o /usr/lib/gcc/x86_64-linux-gnu/5/crtbegin.o -L/usr/lib/gcc/x86_64-linux-gnu/5 -L/usr/lib/gcc/x86_64-linux-gnu/5/../../../x86_64-linux-gnu -L/usr/lib/gcc/x86_64-linux-gnu/5/../../../../lib -L/lib/x86_64-linux-gnu -L/lib/../lib -L/usr/lib/x86_64-linux-gnu -L/usr/lib/../lib -L/usr/lib/gcc/x86_64-linux-gnu/5/../../.. CMakeFiles/cmTC_8715c.dir/CMakeCCompilerABI.c.o -lgcc --as-needed -lgcc_s --no-as-needed -lc -lgcc --as-needed -lgcc_s --no-as-needed /usr/lib/gcc/x86_64-linux-gnu/5/crtend.o /usr/lib/gcc/x86_64-linux-gnu/5/../../../x86_64-linux-gnu/crtn.o]
    arg [/usr/lib/gcc/x86_64-linux-gnu/5/collect2] ==> ignore
    arg [-plugin] ==> ignore
    arg [/usr/lib/gcc/x86_64-linux-gnu/5/liblto_plugin.so] ==> ignore
    arg [-plugin-opt=/usr/lib/gcc/x86_64-linux-gnu/5/lto-wrapper] ==> ignore
    arg [-plugin-opt=-fresolution=/tmp/cckuDKM9.res] ==> ignore
    arg [-plugin-opt=-pass-through=-lgcc] ==> ignore
    arg [-plugin-opt=-pass-through=-lgcc_s] ==> ignore
    arg [-plugin-opt=-pass-through=-lc] ==> ignore
    arg [-plugin-opt=-pass-through=-lgcc] ==> ignore
    arg [-plugin-opt=-pass-through=-lgcc_s] ==> ignore
    arg [--sysroot=/] ==> ignore
    arg [--build-id] ==> ignore
    arg [--eh-frame-hdr] ==> ignore
    arg [-m] ==> ignore
    arg [elf_x86_64] ==> ignore
    arg [--hash-style=gnu] ==> ignore
    arg [--as-needed] ==> ignore
    arg [-export-dynamic] ==> ignore
    arg [-dynamic-linker] ==> ignore
    arg [/lib64/ld-linux-x86-64.so.2] ==> ignore
    arg [-zrelro] ==> ignore
    arg [-o] ==> ignore
    arg [cmTC_8715c] ==> ignore
    arg [/usr/lib/gcc/x86_64-linux-gnu/5/../../../x86_64-linux-gnu/crt1.o] ==> ignore
    arg [/usr/lib/gcc/x86_64-linux-gnu/5/../../../x86_64-linux-gnu/crti.o] ==> ignore
    arg [/usr/lib/gcc/x86_64-linux-gnu/5/crtbegin.o] ==> ignore
    arg [-L/usr/lib/gcc/x86_64-linux-gnu/5] ==> dir [/usr/lib/gcc/x86_64-linux-gnu/5]
    arg [-L/usr/lib/gcc/x86_64-linux-gnu/5/../../../x86_64-linux-gnu] ==> dir [/usr/lib/gcc/x86_64-linux-gnu/5/../../../x86_64-linux-gnu]
    arg [-L/usr/lib/gcc/x86_64-linux-gnu/5/../../../../lib] ==> dir [/usr/lib/gcc/x86_64-linux-gnu/5/../../../../lib]
    arg [-L/lib/x86_64-linux-gnu] ==> dir [/lib/x86_64-linux-gnu]
    arg [-L/lib/../lib] ==> dir [/lib/../lib]
    arg [-L/usr/lib/x86_64-linux-gnu] ==> dir [/usr/lib/x86_64-linux-gnu]
    arg [-L/usr/lib/../lib] ==> dir [/usr/lib/../lib]
    arg [-L/usr/lib/gcc/x86_64-linux-gnu/5/../../..] ==> dir [/usr/lib/gcc/x86_64-linux-gnu/5/../../..]
    arg [CMakeFiles/cmTC_8715c.dir/CMakeCCompilerABI.c.o] ==> ignore
    arg [-lgcc] ==> lib [gcc]
    arg [--as-needed] ==> ignore
    arg [-lgcc_s] ==> lib [gcc_s]
    arg [--no-as-needed] ==> ignore
    arg [-lc] ==> lib [c]
    arg [-lgcc] ==> lib [gcc]
    arg [--as-needed] ==> ignore
    arg [-lgcc_s] ==> lib [gcc_s]
    arg [--no-as-needed] ==> ignore
    arg [/usr/lib/gcc/x86_64-linux-gnu/5/crtend.o] ==> ignore
    arg [/usr/lib/gcc/x86_64-linux-gnu/5/../../../x86_64-linux-gnu/crtn.o] ==> ignore
  remove lib [gcc]
  remove lib [gcc_s]
  remove lib [gcc]
  remove lib [gcc_s]
  collapse library dir [/usr/lib/gcc/x86_64-linux-gnu/5] ==> [/usr/lib/gcc/x86_64-linux-gnu/5]
  collapse library dir [/usr/lib/gcc/x86_64-linux-gnu/5/../../../x86_64-linux-gnu] ==> [/usr/lib/x86_64-linux-gnu]
  collapse library dir [/usr/lib/gcc/x86_64-linux-gnu/5/../../../../lib] ==> [/usr/lib]
  collapse library dir [/lib/x86_64-linux-gnu] ==> [/lib/x86_64-linux-gnu]
  collapse library dir [/lib/../lib] ==> [/lib]
  collapse library dir [/usr/lib/x86_64-linux-gnu] ==> [/usr/lib/x86_64-linux-gnu]
  collapse library dir [/usr/lib/../lib] ==> [/usr/lib]
  collapse library dir [/usr/lib/gcc/x86_64-linux-gnu/5/../../..] ==> [/usr/lib]
  implicit libs: [c]
  implicit dirs: [/usr/lib/gcc/x86_64-linux-gnu/5;/usr/lib/x86_64-linux-gnu;/usr/lib;/lib/x86_64-linux-gnu;/lib]
  implicit fwks: []




Detecting C [-std=c11] compiler features compiled with the following output:
Change Dir: /home/jasminedhillon/Workspace/InformationViz/Scatterplot/CMakeFiles/CMakeTmp

Run Build Command:"/usr/bin/make" "cmTC_2c798/fast"
/usr/bin/make -f CMakeFiles/cmTC_2c798.dir/build.make CMakeFiles/cmTC_2c798.dir/build
make[1]: Entering directory '/home/jasminedhillon/Workspace/InformationViz/Scatterplot/CMakeFiles/CMakeTmp'
Building C object CMakeFiles/cmTC_2c798.dir/feature_tests.c.o
/usr/bin/cc    -std=c11 -o CMakeFiles/cmTC_2c798.dir/feature_tests.c.o   -c /home/jasminedhillon/Workspace/InformationViz/Scatterplot/CMakeFiles/feature_tests.c
Linking C executable cmTC_2c798
/usr/bin/cmake -E cmake_link_script CMakeFiles/cmTC_2c798.dir/link.txt --verbose=1
/usr/bin/cc       CMakeFiles/cmTC_2c798.dir/feature_tests.c.o  -o cmTC_2c798 -rdynamic 
make[1]: Leaving directory '/home/jasminedhillon/Workspace/InformationViz/Scatterplot/CMakeFiles/CMakeTmp'


    Feature record: C_FEATURE:1c_function_prototypes
    Feature record: C_FEATURE:1c_restrict
    Feature record: C_FEATURE:1c_static_assert
    Feature record: C_FEATURE:1c_variadic_macros


Detecting C [-std=c99] compiler features compiled with the following output:
Change Dir: /home/jasminedhillon/Workspace/InformationViz/Scatterplot/CMakeFiles/CMakeTmp

Run Build Command:"/usr/bin/make" "cmTC_ab16a/fast"
/usr/bin/make -f CMakeFiles/cmTC_ab16a.dir/build.make CMakeFiles/cmTC_ab16a.dir/build
make[1]: Entering directory '/home/jasminedhillon/Workspace/InformationViz/Scatterplot/CMakeFiles/CMakeTmp'
Building C object CMakeFiles/cmTC_ab16a.dir/feature_tests.c.o
/usr/bin/cc    -std=c99 -o CMakeFiles/cmTC_ab16a.dir/feature_tests.c.o   -c /home/jasminedhillon/Workspace/InformationViz/Scatterplot/CMakeFiles/feature_tests.c
Linking C executable cmTC_ab16a
/usr/bin/cmake -E cmake_link_script CMakeFiles/cmTC_ab16a.dir/link.txt --verbose=1
/usr/bin/cc       CMakeFiles/cmTC_ab16a.dir/feature_tests.c.o  -o cmTC_ab16a -rdynamic 
make[1]: Leaving directory '/home/jasminedhillon/Workspace/InformationViz/Scatterplot/CMakeFiles/CMakeTmp'


    Feature record: C_FEATURE:1c_function_prototypes
    Feature record: C_FEATURE:1c_restrict
    Feature record: C_FEATURE:0c_static_assert
    Feature record: C_FEATURE:1c_variadic_macros


Detecting C [-std=c90] compiler features compiled with the following output:
Change Dir: /home/jasminedhillon/Workspace/InformationViz/Scatterplot/CMakeFiles/CMakeTmp

Run Build Command:"/usr/bin/make" "cmTC_0c8e6/fast"
/usr/bin/make -f CMakeFiles/cmTC_0c8e6.dir/build.make CMakeFiles/cmTC_0c8e6.dir/build
make[1]: Entering directory '/home/jasminedhillon/Workspace/InformationViz/Scatterplot/CMakeFiles/CMakeTmp'
Building C object CMakeFiles/cmTC_0c8e6.dir/feature_tests.c.o
/usr/bin/cc    -std=c90 -o CMakeFiles/cmTC_0c8e6.dir/feature_tests.c.o   -c /home/jasminedhillon/Workspace/InformationViz/Scatterplot/CMakeFiles/feature_tests.c
Linking C executable cmTC_0c8e6
/usr/bin/cmake -E cmake_link_script CMakeFiles/cmTC_0c8e6.dir/link.txt --verbose=1
/usr/bin/cc       CMakeFiles/cmTC_0c8e6.dir/feature_tests.c.o  -o cmTC_0c8e6 -rdynamic 
make[1]: Leaving directory '/home/jasminedhillon/Workspace/InformationViz/Scatterplot/CMakeFiles/CMakeTmp'


    Feature record: C_FEATURE:1c_function_prototypes
    Feature record: C_FEATURE:0c_restrict
    Feature record: C_FEATURE:0c_static_assert
    Feature record: C_FEATURE:0c_variadic_macros
Determining if the CXX compiler works passed with the following output:
Change Dir: /home/jasminedhillon/Workspace/InformationViz/Scatterplot/CMakeFiles/CMakeTmp

Run Build Command:"/usr/bin/make" "cmTC_28083/fast"
/usr/bin/make -f CMakeFiles/cmTC_28083.dir/build.make CMakeFiles/cmTC_28083.dir/build
make[1]: Entering directory '/home/jasminedhillon/Workspace/InformationViz/Scatterplot/CMakeFiles/CMakeTmp'
Building CXX object CMakeFiles/cmTC_28083.dir/testCXXCompiler.cxx.o
/usr/bin/c++      -o CMakeFiles/cmTC_28083.dir/testCXXCompiler.cxx.o -c /home/jasminedhillon/Workspace/InformationViz/Scatterplot/CMakeFiles/CMakeTmp/testCXXCompiler.cxx
Linking CXX executable cmTC_28083
/usr/bin/cmake -E cmake_link_script CMakeFiles/cmTC_28083.dir/link.txt --verbose=1
/usr/bin/c++        CMakeFiles/cmTC_28083.dir/testCXXCompiler.cxx.o  -o cmTC_28083 -rdynamic 
make[1]: Leaving directory '/home/jasminedhillon/Workspace/InformationViz/Scatterplot/CMakeFiles/CMakeTmp'


Detecting CXX compiler ABI info compiled with the following output:
Change Dir: /home/jasminedhillon/Workspace/InformationViz/Scatterplot/CMakeFiles/CMakeTmp

Run Build Command:"/usr/bin/make" "cmTC_7336c/fast"
/usr/bin/make -f CMakeFiles/cmTC_7336c.dir/build.make CMakeFiles/cmTC_7336c.dir/build
make[1]: Entering directory '/home/jasminedhillon/Workspace/InformationViz/Scatterplot/CMakeFiles/CMakeTmp'
Building CXX object CMakeFiles/cmTC_7336c.dir/CMakeCXXCompilerABI.cpp.o
/usr/bin/c++      -o CMakeFiles/cmTC_7336c.dir/CMakeCXXCompilerABI.cpp.o -c /usr/share/cmake-3.5/Modules/CMakeCXXCompilerABI.cpp
Linking CXX executable cmTC_7336c
/usr/bin/cmake -E cmake_link_script CMakeFiles/cmTC_7336c.dir/link.txt --verbose=1
/usr/bin/c++       -v CMakeFiles/cmTC_7336c.dir/CMakeCXXCompilerABI.cpp.o  -o cmTC_7336c -rdynamic  
Using built-in specs.
COLLECT_GCC=/usr/bin/c++
COLLECT_LTO_WRAPPER=/usr/lib/gcc/x86_64-linux-gnu/5/lto-wrapper
Target: x86_64-linux-gnu
Configured with: ../src/configure -v --with-pkgversion='Ubuntu 5.4.1-2ubuntu1~16.04' --with-bugurl=file:///usr/share/doc/gcc-5/README.Bugs --enable-languages=c,ada,c++,java,go,d,fortran,objc,obj-c++ --prefix=/usr --program-suffix=-5 --enable-shared --enable-linker-build-id --libexecdir=/usr/lib --without-included-gettext --enable-threads=posix --libdir=/usr/lib --enable-nls --with-sysroot=/ --enable-clocale=gnu --enable-libstdcxx-debug --enable-libstdcxx-time=yes --with-default-libstdcxx-abi=new --enable-gnu-unique-object --disable-vtable-verify --enable-libmpx --enable-plugin --with-system-zlib --disable-browser-plugin --enable-java-awt=gtk --enable-gtk-cairo --with-java-home=/usr/lib/jvm/java-1.5.0-gcj-5-amd64/jre --enable-java-home --with-jvm-root-dir=/usr/lib/jvm/java-1.5.0-gcj-5-amd64 --with-jvm-jar-dir=/usr/lib/jvm-exports/java-1.5.0-gcj-5-amd64 --with-arch-directory=amd64 --with-ecj-jar=/usr/share/java/eclipse-ecj.jar --enable-objc-gc --enable-multiarch --disable-werror --with-arch-32=i686 --with-abi=m64 --with-multilib-list=m32,m64,mx32 --enable-multilib --with-tune=generic --enable-checking=release --build=x86_64-linux-gnu --host=x86_64-linux-gnu --target=x86_64-linux-gnu
Thread model: posix
gcc version 5.4.1 20160904 (Ubuntu 5.4.1-2ubuntu1~16.04) 
COMPILER_PATH=/usr/lib/gcc/x86_64-linux-gnu/5/:/usr/lib/gcc/x86_64-linux-gnu/5/:/usr/lib/gcc/x86_64-linux-gnu/:/usr/lib/gcc/x86_64-linux-gnu/5/:/usr/lib/gcc/x86_64-linux-gnu/
LIBRARY_PATH=/usr/lib/gcc/x86_64-linux-gnu/5/:/usr/lib/gcc/x86_64-linux-gnu/5/../../../x86_64-linux-gnu/:/usr/lib/gcc/x86_64-linux-gnu/5/../../../../lib/:/lib/x86_64-linux-gnu/:/lib/../lib/:/usr/lib/x86_64-linux-gnu/:/usr/lib/../lib/:/usr/lib/gcc/x86_64-linux-gnu/5/../../../:/lib/:/usr/lib/
COLLECT_GCC_OPTIONS='-v' '-o' 'cmTC_7336c' '-rdynamic' '-shared-libgcc' '-mtune=generic' '-march=x86-64'
 /usr/lib/gcc/x86_64-linux-gnu/5/collect2 -plugin /usr/lib/gcc/x86_64-linux-gnu/5/liblto_plugin.so -plugin-opt=/usr/lib/gcc/x86_64-linux-gnu/5/lto-wrapper -plugin-opt=-fresolution=/tmp/cctCD8ux.res -plugin-opt=-pass-through=-lgcc_s -plugin-opt=-pass-through=-lgcc -plugin-opt=-pass-through=-lc -plugin-opt=-pass-through=-lgcc_s -plugin-opt=-pass-through=-lgcc --sysroot=/ --build-id --eh-frame-hdr -m elf_x86_64 --hash-style=gnu --as-needed -export-dynamic -dynamic-linker /lib64/ld-linux-x86-64.so.2 -z relro -o cmTC_7336c /usr/lib/gcc/x86_64-linux-gnu/5/../../../x86_64-linux-gnu/crt1.o /usr/lib/gcc/x86_64-linux-gnu/5/../../../x86_64-linux-gnu/crti.o /usr/lib/gcc/x86_64-linux-gnu/5/crtbegin.o -L/usr/lib/gcc/x86_64-linux-gnu/5 -L/usr/lib/gcc/x86_64-linux-gnu/5/../../../x86_64-linux-gnu -L/usr/lib/gcc/x86_64-linux-gnu/5/../../../../lib -L/lib/x86_64-linux-gnu -L/lib/../lib -L/usr/lib/x86_64-linux-gnu -L/usr/lib/../lib -L/usr/lib/gcc/x86_64-linux-gnu/5/../../.. CMakeFiles/cmTC_7336c.dir/CMakeCXXCompilerABI.cpp.o -lstdc++ -lm -lgcc_s -lgcc -lc -lgcc_s -lgcc /usr/lib/gcc/x86_64-linux-gnu/5/crtend.o /usr/lib/gcc/x86_64-linux-gnu/5/../../../x86_64-linux-gnu/crtn.o
make[1]: Leaving directory '/home/jasminedhillon/Workspace/InformationViz/Scatterplot/CMakeFiles/CMakeTmp'


Parsed CXX implicit link information from above output:
  link line regex: [^( *|.*[/\])(ld|([^/\]+-)?ld|collect2)[^/\]*( |$)]
  ignore line: [Change Dir: /home/jasminedhillon/Workspace/InformationViz/Scatterplot/CMakeFiles/CMakeTmp]
  ignore line: []
  ignore line: [Run Build Command:"/usr/bin/make" "cmTC_7336c/fast"]
  ignore line: [/usr/bin/make -f CMakeFiles/cmTC_7336c.dir/build.make CMakeFiles/cmTC_7336c.dir/build]
  ignore line: [make[1]: Entering directory '/home/jasminedhillon/Workspace/InformationViz/Scatterplot/CMakeFiles/CMakeTmp']
  ignore line: [Building CXX object CMakeFiles/cmTC_7336c.dir/CMakeCXXCompilerABI.cpp.o]
  ignore line: [/usr/bin/c++      -o CMakeFiles/cmTC_7336c.dir/CMakeCXXCompilerABI.cpp.o -c /usr/share/cmake-3.5/Modules/CMakeCXXCompilerABI.cpp]
  ignore line: [Linking CXX executable cmTC_7336c]
  ignore line: [/usr/bin/cmake -E cmake_link_script CMakeFiles/cmTC_7336c.dir/link.txt --verbose=1]
  ignore line: [/usr/bin/c++       -v CMakeFiles/cmTC_7336c.dir/CMakeCXXCompilerABI.cpp.o  -o cmTC_7336c -rdynamic  ]
  ignore line: [Using built-in specs.]
  ignore line: [COLLECT_GCC=/usr/bin/c++]
  ignore line: [COLLECT_LTO_WRAPPER=/usr/lib/gcc/x86_64-linux-gnu/5/lto-wrapper]
  ignore line: [Target: x86_64-linux-gnu]
  ignore line: [Configured with: ../src/configure -v --with-pkgversion='Ubuntu 5.4.1-2ubuntu1~16.04' --with-bugurl=file:///usr/share/doc/gcc-5/README.Bugs --enable-languages=c,ada,c++,java,go,d,fortran,objc,obj-c++ --prefix=/usr --program-suffix=-5 --enable-shared --enable-linker-build-id --libexecdir=/usr/lib --without-included-gettext --enable-threads=posix --libdir=/usr/lib --enable-nls --with-sysroot=/ --enable-clocale=gnu --enable-libstdcxx-debug --enable-libstdcxx-time=yes --with-default-libstdcxx-abi=new --enable-gnu-unique-object --disable-vtable-verify --enable-libmpx --enable-plugin --with-system-zlib --disable-browser-plugin --enable-java-awt=gtk --enable-gtk-cairo --with-java-home=/usr/lib/jvm/java-1.5.0-gcj-5-amd64/jre --enable-java-home --with-jvm-root-dir=/usr/lib/jvm/java-1.5.0-gcj-5-amd64 --with-jvm-jar-dir=/usr/lib/jvm-exports/java-1.5.0-gcj-5-amd64 --with-arch-directory=amd64 --with-ecj-jar=/usr/share/java/eclipse-ecj.jar --enable-objc-gc --enable-multiarch --disable-werror --with-arch-32=i686 --with-abi=m64 --with-multilib-list=m32,m64,mx32 --enable-multilib --with-tune=generic --enable-checking=release --build=x86_64-linux-gnu --host=x86_64-linux-gnu --target=x86_64-linux-gnu]
  ignore line: [Thread model: posix]
  ignore line: [gcc version 5.4.1 20160904 (Ubuntu 5.4.1-2ubuntu1~16.04) ]
  ignore line: [COMPILER_PATH=/usr/lib/gcc/x86_64-linux-gnu/5/:/usr/lib/gcc/x86_64-linux-gnu/5/:/usr/lib/gcc/x86_64-linux-gnu/:/usr/lib/gcc/x86_64-linux-gnu/5/:/usr/lib/gcc/x86_64-linux-gnu/]
  ignore line: [LIBRARY_PATH=/usr/lib/gcc/x86_64-linux-gnu/5/:/usr/lib/gcc/x86_64-linux-gnu/5/../../../x86_64-linux-gnu/:/usr/lib/gcc/x86_64-linux-gnu/5/../../../../lib/:/lib/x86_64-linux-gnu/:/lib/../lib/:/usr/lib/x86_64-linux-gnu/:/usr/lib/../lib/:/usr/lib/gcc/x86_64-linux-gnu/5/../../../:/lib/:/usr/lib/]
  ignore line: [COLLECT_GCC_OPTIONS='-v' '-o' 'cmTC_7336c' '-rdynamic' '-shared-libgcc' '-mtune=generic' '-march=x86-64']
  link line: [ /usr/lib/gcc/x86_64-linux-gnu/5/collect2 -plugin /usr/lib/gcc/x86_64-linux-gnu/5/liblto_plugin.so -plugin-opt=/usr/lib/gcc/x86_64-linux-gnu/5/lto-wrapper -plugin-opt=-fresolution=/tmp/cctCD8ux.res -plugin-opt=-pass-through=-lgcc_s -plugin-opt=-pass-through=-lgcc -plugin-opt=-pass-through=-lc -plugin-opt=-pass-through=-lgcc_s -plugin-opt=-pass-through=-lgcc --sysroot=/ --build-id --eh-frame-hdr -m elf_x86_64 --hash-style=gnu --as-needed -export-dynamic -dynamic-linker /lib64/ld-linux-x86-64.so.2 -z relro -o cmTC_7336c /usr/lib/gcc/x86_64-linux-gnu/5/../../../x86_64-linux-gnu/crt1.o /usr/lib/gcc/x86_64-linux-gnu/5/../../../x86_64-linux-gnu/crti.o /usr/lib/gcc/x86_64-linux-gnu/5/crtbegin.o -L/usr/lib/gcc/x86_64-linux-gnu/5 -L/usr/lib/gcc/x86_64-linux-gnu/5/../../../x86_64-linux-gnu -L/usr/lib/gcc/x86_64-linux-gnu/5/../../../../lib -L/lib/x86_64-linux-gnu -L/lib/../lib -L/usr/lib/x86_64-linux-gnu -L/usr/lib/../lib -L/usr/lib/gcc/x86_64-linux-gnu/5/../../.. CMakeFiles/cmTC_7336c.dir/CMakeCXXCompilerABI.cpp.o -lstdc++ -lm -lgcc_s -lgcc -lc -lgcc_s -lgcc /usr/lib/gcc/x86_64-linux-gnu/5/crtend.o /usr/lib/gcc/x86_64-linux-gnu/5/../../../x86_64-linux-gnu/crtn.o]
    arg [/usr/lib/gcc/x86_64-linux-gnu/5/collect2] ==> ignore
    arg [-plugin] ==> ignore
    arg [/usr/lib/gcc/x86_64-linux-gnu/5/liblto_plugin.so] ==> ignore
    arg [-plugin-opt=/usr/lib/gcc/x86_64-linux-gnu/5/lto-wrapper] ==> ignore
    arg [-plugin-opt=-fresolution=/tmp/cctCD8ux.res] ==> ignore
    arg [-plugin-opt=-pass-through=-lgcc_s] ==> ignore
    arg [-plugin-opt=-pass-through=-lgcc] ==> ignore
    arg [-plugin-opt=-pass-through=-lc] ==> ignore
    arg [-plugin-opt=-pass-through=-lgcc_s] ==> ignore
    arg [-plugin-opt=-pass-through=-lgcc] ==> ignore
    arg [--sysroot=/] ==> ignore
    arg [--build-id] ==> ignore
    arg [--eh-frame-hdr] ==> ignore
    arg [-m] ==> ignore
    arg [elf_x86_64] ==> ignore
    arg [--hash-style=gnu] ==> ignore
    arg [--as-needed] ==> ignore
    arg [-export-dynamic] ==> ignore
    arg [-dynamic-linker] ==> ignore
    arg [/lib64/ld-linux-x86-64.so.2] ==> ignore
    arg [-zrelro] ==> ignore
    arg [-o] ==> ignore
    arg [cmTC_7336c] ==> ignore
    arg [/usr/lib/gcc/x86_64-linux-gnu/5/../../../x86_64-linux-gnu/crt1.o] ==> ignore
    arg [/usr/lib/gcc/x86_64-linux-gnu/5/../../../x86_64-linux-gnu/crti.o] ==> ignore
    arg [/usr/lib/gcc/x86_64-linux-gnu/5/crtbegin.o] ==> ignore
    arg [-L/usr/lib/gcc/x86_64-linux-gnu/5] ==> dir [/usr/lib/gcc/x86_64-linux-gnu/5]
    arg [-L/usr/lib/gcc/x86_64-linux-gnu/5/../../../x86_64-linux-gnu] ==> dir [/usr/lib/gcc/x86_64-linux-gnu/5/../../../x86_64-linux-gnu]
    arg [-L/usr/lib/gcc/x86_64-linux-gnu/5/../../../../lib] ==> dir [/usr/lib/gcc/x86_64-linux-gnu/5/../../../../lib]
    arg [-L/lib/x86_64-linux-gnu] ==> dir [/lib/x86_64-linux-gnu]
    arg [-L/lib/../lib] ==> dir [/lib/../lib]
    arg [-L/usr/lib/x86_64-linux-gnu] ==> dir [/usr/lib/x86_64-linux-gnu]
    arg [-L/usr/lib/../lib] ==> dir [/usr/lib/../lib]
    arg [-L/usr/lib/gcc/x86_64-linux-gnu/5/../../..] ==> dir [/usr/lib/gcc/x86_64-linux-gnu/5/../../..]
    arg [CMakeFiles/cmTC_7336c.dir/CMakeCXXCompilerABI.cpp.o] ==> ignore
    arg [-lstdc++] ==> lib [stdc++]
    arg [-lm] ==> lib [m]
    arg [-lgcc_s] ==> lib [gcc_s]
    arg [-lgcc] ==> lib [gcc]
    arg [-lc] ==> lib [c]
    arg [-lgcc_s] ==> lib [gcc_s]
    arg [-lgcc] ==> lib [gcc]
    arg [/usr/lib/gcc/x86_64-linux-gnu/5/crtend.o] ==> ignore
    arg [/usr/lib/gcc/x86_64-linux-gnu/5/../../../x86_64-linux-gnu/crtn.o] ==> ignore
  remove lib [gcc_s]
  remove lib [gcc]
  remove lib [gcc_s]
  remove lib [gcc]
  collapse library dir [/usr/lib/gcc/x86_64-linux-gnu/5] ==> [/usr/lib/gcc/x86_64-linux-gnu/5]
  collapse library dir [/usr/lib/gcc/x86_64-linux-gnu/5/../../../x86_64-linux-gnu] ==> [/usr/lib/x86_64-linux-gnu]
  collapse library dir [/usr/lib/gcc/x86_64-linux-gnu/5/../../../../lib] ==> [/usr/lib]
  collapse library dir [/lib/x86_64-linux-gnu] ==> [/lib/x86_64-linux-gnu]
  collapse library dir [/lib/../lib] ==> [/lib]
  collapse library dir [/usr/lib/x86_64-linux-gnu] ==> [/usr/lib/x86_64-linux-gnu]
  collapse library dir [/usr/lib/../lib] ==> [/usr/lib]
  collapse library dir [/usr/lib/gcc/x86_64-linux-gnu/5/../../..] ==> [/usr/lib]
  implicit libs: [stdc++;m;c]
  implicit dirs: [/usr/lib/gcc/x86_64-linux-gnu/5;/usr/lib/x86_64-linux-gnu;/usr/lib;/lib/x86_64-linux-gnu;/lib]
  implicit fwks: []




Detecting CXX [-std=c++14] compiler features compiled with the following output:
Change Dir: /home/jasminedhillon/Workspace/InformationViz/Scatterplot/CMakeFiles/CMakeTmp

Run Build Command:"/usr/bin/make" "cmTC_e11df/fast"
/usr/bin/make -f CMakeFiles/cmTC_e11df.dir/build.make CMakeFiles/cmTC_e11df.dir/build
make[1]: Entering directory '/home/jasminedhillon/Workspace/InformationViz/Scatterplot/CMakeFiles/CMakeTmp'
Building CXX object CMakeFiles/cmTC_e11df.dir/feature_tests.cxx.o
/usr/bin/c++     -std=c++14 -o CMakeFiles/cmTC_e11df.dir/feature_tests.cxx.o -c /home/jasminedhillon/Workspace/InformationViz/Scatterplot/CMakeFiles/feature_tests.cxx
Linking CXX executable cmTC_e11df
/usr/bin/cmake -E cmake_link_script CMakeFiles/cmTC_e11df.dir/link.txt --verbose=1
/usr/bin/c++        CMakeFiles/cmTC_e11df.dir/feature_tests.cxx.o  -o cmTC_e11df -rdynamic 
make[1]: Leaving directory '/home/jasminedhillon/Workspace/InformationViz/Scatterplot/CMakeFiles/CMakeTmp'


    Feature record: CXX_FEATURE:1cxx_aggregate_default_initializers
    Feature record: CXX_FEATURE:1cxx_alias_templates
    Feature record: CXX_FEATURE:1cxx_alignas
    Feature record: CXX_FEATURE:1cxx_alignof
    Feature record: CXX_FEATURE:1cxx_attributes
    Feature record: CXX_FEATURE:1cxx_attribute_deprecated
    Feature record: CXX_FEATURE:1cxx_auto_type
    Feature record: CXX_FEATURE:1cxx_binary_literals
    Feature record: CXX_FEATURE:1cxx_constexpr
    Feature record: CXX_FEATURE:1cxx_contextual_conversions
    Feature record: CXX_FEATURE:1cxx_decltype
    Feature record: CXX_FEATURE:1cxx_decltype_auto
    Feature record: CXX_FEATURE:1cxx_decltype_incomplete_return_types
    Feature record: CXX_FEATURE:1cxx_default_function_template_args
    Feature record: CXX_FEATURE:1cxx_defaulted_functions
    Feature record: CXX_FEATURE:1cxx_defaulted_move_initializers
    Feature record: CXX_FEATURE:1cxx_delegating_constructors
    Feature record: CXX_FEATURE:1cxx_deleted_functions
    Feature record: CXX_FEATURE:1cxx_digit_separators
    Feature record: CXX_FEATURE:1cxx_enum_forward_declarations
    Feature record: CXX_FEATURE:1cxx_explicit_conversions
    Feature record: CXX_FEATURE:1cxx_extended_friend_declarations
    Feature record: CXX_FEATURE:1cxx_extern_templates
    Feature record: CXX_FEATURE:1cxx_final
    Feature record: CXX_FEATURE:1cxx_func_identifier
    Feature record: CXX_FEATURE:1cxx_generalized_initializers
    Feature record: CXX_FEATURE:1cxx_generic_lambdas
    Feature record: CXX_FEATURE:1cxx_inheriting_constructors
    Feature record: CXX_FEATURE:1cxx_inline_namespaces
    Feature record: CXX_FEATURE:1cxx_lambdas
    Feature record: CXX_FEATURE:1cxx_lambda_init_captures
    Feature record: CXX_FEATURE:1cxx_local_type_template_args
    Feature record: CXX_FEATURE:1cxx_long_long_type
    Feature record: CXX_FEATURE:1cxx_noexcept
    Feature record: CXX_FEATURE:1cxx_nonstatic_member_init
    Feature record: CXX_FEATURE:1cxx_nullptr
    Feature record: CXX_FEATURE:1cxx_override
    Feature record: CXX_FEATURE:1cxx_range_for
    Feature record: CXX_FEATURE:1cxx_raw_string_literals
    Feature record: CXX_FEATURE:1cxx_reference_qualified_functions
    Feature record: CXX_FEATURE:1cxx_relaxed_constexpr
    Feature record: CXX_FEATURE:1cxx_return_type_deduction
    Feature record: CXX_FEATURE:1cxx_right_angle_brackets
    Feature record: CXX_FEATURE:1cxx_rvalue_references
    Feature record: CXX_FEATURE:1cxx_sizeof_member
    Feature record: CXX_FEATURE:1cxx_static_assert
    Feature record: CXX_FEATURE:1cxx_strong_enums
    Feature record: CXX_FEATURE:1cxx_template_template_parameters
    Feature record: CXX_FEATURE:1cxx_thread_local
    Feature record: CXX_FEATURE:1cxx_trailing_return_types
    Feature record: CXX_FEATURE:1cxx_unicode_literals
    Feature record: CXX_FEATURE:1cxx_uniform_initialization
    Feature record: CXX_FEATURE:1cxx_unrestricted_unions
    Feature record: CXX_FEATURE:1cxx_user_literals
    Feature record: CXX_FEATURE:1cxx_variable_templates
    Feature record: CXX_FEATURE:1cxx_variadic_macros
    Feature record: CXX_FEATURE:1cxx_variadic_templates


Detecting CXX [-std=c++11] compiler features compiled with the following output:
Change Dir: /home/jasminedhillon/Workspace/InformationViz/Scatterplot/CMakeFiles/CMakeTmp

Run Build Command:"/usr/bin/make" "cmTC_c00d7/fast"
/usr/bin/make -f CMakeFiles/cmTC_c00d7.dir/build.make CMakeFiles/cmTC_c00d7.dir/build
make[1]: Entering directory '/home/jasminedhillon/Workspace/InformationViz/Scatterplot/CMakeFiles/CMakeTmp'
Building CXX object CMakeFiles/cmTC_c00d7.dir/feature_tests.cxx.o
/usr/bin/c++     -std=c++11 -o CMakeFiles/cmTC_c00d7.dir/feature_tests.cxx.o -c /home/jasminedhillon/Workspace/InformationViz/Scatterplot/CMakeFiles/feature_tests.cxx
Linking CXX executable cmTC_c00d7
/usr/bin/cmake -E cmake_link_script CMakeFiles/cmTC_c00d7.dir/link.txt --verbose=1
/usr/bin/c++        CMakeFiles/cmTC_c00d7.dir/feature_tests.cxx.o  -o cmTC_c00d7 -rdynamic 
make[1]: Leaving directory '/home/jasminedhillon/Workspace/InformationViz/Scatterplot/CMakeFiles/CMakeTmp'


    Feature record: CXX_FEATURE:0cxx_aggregate_default_initializers
    Feature record: CXX_FEATURE:1cxx_alias_templates
    Feature record: CXX_FEATURE:1cxx_alignas
    Feature record: CXX_FEATURE:1cxx_alignof
    Feature record: CXX_FEATURE:1cxx_attributes
    Feature record: CXX_FEATURE:0cxx_attribute_deprecated
    Feature record: CXX_FEATURE:1cxx_auto_type
    Feature record: CXX_FEATURE:0cxx_binary_literals
    Feature record: CXX_FEATURE:1cxx_constexpr
    Feature record: CXX_FEATURE:0cxx_contextual_conversions
    Feature record: CXX_FEATURE:1cxx_decltype
    Feature record: CXX_FEATURE:0cxx_decltype_auto
    Feature record: CXX_FEATURE:1cxx_decltype_incomplete_return_types
    Feature record: CXX_FEATURE:1cxx_default_function_template_args
    Feature record: CXX_FEATURE:1cxx_defaulted_functions
    Feature record: CXX_FEATURE:1cxx_defaulted_move_initializers
    Feature record: CXX_FEATURE:1cxx_delegating_constructors
    Feature record: CXX_FEATURE:1cxx_deleted_functions
    Feature record: CXX_FEATURE:0cxx_digit_separators
    Feature record: CXX_FEATURE:1cxx_enum_forward_declarations
    Feature record: CXX_FEATURE:1cxx_explicit_conversions
    Feature record: CXX_FEATURE:1cxx_extended_friend_declarations
    Feature record: CXX_FEATURE:1cxx_extern_templates
    Feature record: CXX_FEATURE:1cxx_final
    Feature record: CXX_FEATURE:1cxx_func_identifier
    Feature record: CXX_FEATURE:1cxx_generalized_initializers
    Feature record: CXX_FEATURE:0cxx_generic_lambdas
    Feature record: CXX_FEATURE:1cxx_inheriting_constructors
    Feature record: CXX_FEATURE:1cxx_inline_namespaces
    Feature record: CXX_FEATURE:1cxx_lambdas
    Feature record: CXX_FEATURE:0cxx_lambda_init_captures
    Feature record: CXX_FEATURE:1cxx_local_type_template_args
    Feature record: CXX_FEATURE:1cxx_long_long_type
    Feature record: CXX_FEATURE:1cxx_noexcept
    Feature record: CXX_FEATURE:1cxx_nonstatic_member_init
    Feature record: CXX_FEATURE:1cxx_nullptr
    Feature record: CXX_FEATURE:1cxx_override
    Feature record: CXX_FEATURE:1cxx_range_for
    Feature record: CXX_FEATURE:1cxx_raw_string_literals
    Feature record: CXX_FEATURE:1cxx_reference_qualified_functions
    Feature record: CXX_FEATURE:0cxx_relaxed_constexpr
    Feature record: CXX_FEATURE:0cxx_return_type_deduction
    Feature record: CXX_FEATURE:1cxx_right_angle_brackets
    Feature record: CXX_FEATURE:1cxx_rvalue_references
    Feature record: CXX_FEATURE:1cxx_sizeof_member
    Feature record: CXX_FEATURE:1cxx_static_assert
    Feature record: CXX_FEATURE:1cxx_strong_enums
    Feature record: CXX_FEATURE:1cxx_template_template_parameters
    Feature record: CXX_FEATURE:1cxx_thread_local
    Feature record: CXX_FEATURE:1cxx_trailing_return_types
    Feature record: CXX_FEATURE:1cxx_unicode_literals
    Feature record: CXX_FEATURE:1cxx_uniform_initialization
    Feature record: CXX_FEATURE:1cxx_unrestricted_unions
    Feature record: CXX_FEATURE:1cxx_user_literals
    Feature record: CXX_FEATURE:0cxx_variable_templates
    Feature record: CXX_FEATURE:1cxx_variadic_macros
    Feature record: CXX_FEATURE:1cxx_variadic_templates


Detecting CXX [-std=c++98] compiler features compiled with the following output:
Change Dir: /home/jasminedhillon/Workspace/InformationViz/Scatterplot/CMakeFiles/CMakeTmp

Run Build Command:"/usr/bin/make" "cmTC_81adf/fast"
/usr/bin/make -f CMakeFiles/cmTC_81adf.dir/build.make CMakeFiles/cmTC_81adf.dir/build
make[1]: Entering directory '/home/jasminedhillon/Workspace/InformationViz/Scatterplot/CMakeFiles/CMakeTmp'
Building CXX object CMakeFiles/cmTC_81adf.dir/feature_tests.cxx.o
/usr/bin/c++     -std=c++98 -o CMakeFiles/cmTC_81adf.dir/feature_tests.cxx.o -c /home/jasminedhillon/Workspace/InformationViz/Scatterplot/CMakeFiles/feature_tests.cxx
Linking CXX executable cmTC_81adf
/usr/bin/cmake -E cmake_link_script CMakeFiles/cmTC_81adf.dir/link.txt --verbose=1
/usr/bin/c++        CMakeFiles/cmTC_81adf.dir/feature_tests.cxx.o  -o cmTC_81adf -rdynamic 
make[1]: Leaving directory '/home/jasminedhillon/Workspace/InformationViz/Scatterplot/CMakeFiles/CMakeTmp'


    Feature record: CXX_FEATURE:0cxx_aggregate_default_initializers
    Feature record: CXX_FEATURE:0cxx_alias_templates
    Feature record: CXX_FEATURE:0cxx_alignas
    Feature record: CXX_FEATURE:0cxx_alignof
    Feature record: CXX_FEATURE:0cxx_attributes
    Feature record: CXX_FEATURE:0cxx_attribute_deprecated
    Feature record: CXX_FEATURE:0cxx_auto_type
    Feature record: CXX_FEATURE:0cxx_binary_literals
    Feature record: CXX_FEATURE:0cxx_constexpr
    Feature record: CXX_FEATURE:0cxx_contextual_conversions
    Feature record: CXX_FEATURE:0cxx_decltype
    Feature record: CXX_FEATURE:0cxx_decltype_auto
    Feature record: CXX_FEATURE:0cxx_decltype_incomplete_return_types
    Feature record: CXX_FEATURE:0cxx_default_function_template_args
    Feature record: CXX_FEATURE:0cxx_defaulted_functions
    Feature record: CXX_FEATURE:0cxx_defaulted_move_initializers
    Feature record: CXX_FEATURE:0cxx_delegating_constructors
    Feature record: CXX_FEATURE:0cxx_deleted_functions
    Feature record: CXX_FEATURE:0cxx_digit_separators
    Feature record: CXX_FEATURE:0cxx_enum_forward_declarations
    Feature record: CXX_FEATURE:0cxx_explicit_conversions
    Feature record: CXX_FEATURE:0cxx_extended_friend_declarations
    Feature record: CXX_FEATURE:0cxx_extern_templates
    Feature record: CXX_FEATURE:0cxx_final
    Feature record: CXX_FEATURE:0cxx_func_identifier
    Feature record: CXX_FEATURE:0cxx_generalized_initializers
    Feature record: CXX_FEATURE:0cxx_generic_lambdas
    Feature record: CXX_FEATURE:0cxx_inheriting_constructors
    Feature record: CXX_FEATURE:0cxx_inline_namespaces
    Feature record: CXX_FEATURE:0cxx_lambdas
    Feature record: CXX_FEATURE:0cxx_lambda_init_captures
    Feature record: CXX_FEATURE:0cxx_local_type_template_args
    Feature record: CXX_FEATURE:0cxx_long_long_type
    Feature record: CXX_FEATURE:0cxx_noexcept
    Feature record: CXX_FEATURE:0cxx_nonstatic_member_init
    Feature record: CXX_FEATURE:0cxx_nullptr
    Feature record: CXX_FEATURE:0cxx_override
    Feature record: CXX_FEATURE:0cxx_range_for
    Feature record: CXX_FEATURE:0cxx_raw_string_literals
    Feature record: CXX_FEATURE:0cxx_reference_qualified_functions
    Feature record: CXX_FEATURE:0cxx_relaxed_constexpr
    Feature record: CXX_FEATURE:0cxx_return_type_deduction
    Feature record: CXX_FEATURE:0cxx_right_angle_brackets
    Feature record: CXX_FEATURE:0cxx_rvalue_references
    Feature record: CXX_FEATURE:0cxx_sizeof_member
    Feature record: CXX_FEATURE:0cxx_static_assert
    Feature record: CXX_FEATURE:0cxx_strong_enums
    Feature record: CXX_FEATURE:1cxx_template_template_parameters
    Feature record: CXX_FEATURE:0cxx_thread_local
    Feature record: CXX_FEATURE:0cxx_trailing_return_types
    Feature record: CXX_FEATURE:0cxx_unicode_literals
    Feature record: CXX_FEATURE:0cxx_uniform_initialization
    Feature record: CXX_FEATURE:0cxx_unrestricted_unions
    Feature record: CXX_FEATURE:0cxx_user_literals
    Feature record: CXX_FEATURE:0cxx_variable_templates
    Feature record: CXX_FEATURE:0cxx_variadic_macros
    Feature record: CXX_FEATURE:0cxx_variadic_templates
Determining if the function XOpenDisplay exists in the /usr/lib/x86_64-linux-gnu/libX11.so;/usr/lib/x86_64-linux-gnu/libXext.so passed with the following output:
Change Dir: /home/jasminedhillon/Workspace/InformationViz/Scatterplot/CMakeFiles/CMakeTmp

Run Build Command:"/usr/bin/make" "cmTC_98643/fast"
/usr/bin/make -f CMakeFiles/cmTC_98643.dir/build.make CMakeFiles/cmTC_98643.dir/build
make[1]: Entering directory '/home/jasminedhillon/Workspace/InformationViz/Scatterplot/CMakeFiles/CMakeTmp'
Building C object CMakeFiles/cmTC_98643.dir/CheckFunctionExists.c.o
/usr/bin/cc    -DCHECK_FUNCTION_EXISTS=XOpenDisplay   -o CMakeFiles/cmTC_98643.dir/CheckFunctionExists.c.o   -c /usr/share/cmake-3.5/Modules/CheckFunctionExists.c
Linking C executable cmTC_98643
/usr/bin/cmake -E cmake_link_script CMakeFiles/cmTC_98643.dir/link.txt --verbose=1
/usr/bin/cc   -DCHECK_FUNCTION_EXISTS=XOpenDisplay    CMakeFiles/cmTC_98643.dir/CheckFunctionExists.c.o  -o cmTC_98643 -rdynamic /usr/lib/x86_64-linux-gnu/libX11.so /usr/lib/x86_64-linux-gnu/libXext.so 
make[1]: Leaving directory '/home/jasminedhillon/Workspace/InformationViz/Scatterplot/CMakeFiles/CMakeTmp'


Determining if the function gethostbyname exists passed with the following output:
Change Dir: /home/jasminedhillon/Workspace/InformationViz/Scatterplot/CMakeFiles/CMakeTmp

Run Build Command:"/usr/bin/make" "cmTC_57a9a/fast"
/usr/bin/make -f CMakeFiles/cmTC_57a9a.dir/build.make CMakeFiles/cmTC_57a9a.dir/build
make[1]: Entering directory '/home/jasminedhillon/Workspace/InformationViz/Scatterplot/CMakeFiles/CMakeTmp'
Building C object CMakeFiles/cmTC_57a9a.dir/CheckFunctionExists.c.o
/usr/bin/cc    -DCHECK_FUNCTION_EXISTS=gethostbyname   -o CMakeFiles/cmTC_57a9a.dir/CheckFunctionExists.c.o   -c /usr/share/cmake-3.5/Modules/CheckFunctionExists.c
Linking C executable cmTC_57a9a
/usr/bin/cmake -E cmake_link_script CMakeFiles/cmTC_57a9a.dir/link.txt --verbose=1
/usr/bin/cc   -DCHECK_FUNCTION_EXISTS=gethostbyname    CMakeFiles/cmTC_57a9a.dir/CheckFunctionExists.c.o  -o cmTC_57a9a -rdynamic 
make[1]: Leaving directory '/home/jasminedhillon/Workspace/InformationViz/Scatterplot/CMakeFiles/CMakeTmp'


Determining if the function connect exists passed with the following output:
Change Dir: /home/jasminedhillon/Workspace/InformationViz/Scatterplot/CMakeFiles/CMakeTmp

Run Build Command:"/usr/bin/make" "cmTC_05824/fast"
/usr/bin/make -f CMakeFiles/cmTC_05824.dir/build.make CMakeFiles/cmTC_05824.dir/build
make[1]: Entering directory '/home/jasminedhillon/Workspace/InformationViz/Scatterplot/CMakeFiles/CMakeTmp'
Building C object CMakeFiles/cmTC_05824.dir/CheckFunctionExists.c.o
/usr/bin/cc    -DCHECK_FUNCTION_EXISTS=connect   -o CMakeFiles/cmTC_05824.dir/CheckFunctionExists.c.o   -c /usr/share/cmake-3.5/Modules/CheckFunctionExists.c
Linking C executable cmTC_05824
/usr/bin/cmake -E cmake_link_script CMakeFiles/cmTC_05824.dir/link.txt --verbose=1
/usr/bin/cc   -DCHECK_FUNCTION_EXISTS=connect    CMakeFiles/cmTC_05824.dir/CheckFunctionExists.c.o  -o cmTC_05824 -rdynamic 
make[1]: Leaving directory '/home/jasminedhillon/Workspace/InformationViz/Scatterplot/CMakeFiles/CMakeTmp'


Determining if the function remove exists passed with the following output:
Change Dir: /home/jasminedhillon/Workspace/InformationViz/Scatterplot/CMakeFiles/CMakeTmp

Run Build Command:"/usr/bin/make" "cmTC_c0bd4/fast"
/usr/bin/make -f CMakeFiles/cmTC_c0bd4.dir/build.make CMakeFiles/cmTC_c0bd4.dir/build
make[1]: Entering directory '/home/jasminedhillon/Workspace/InformationViz/Scatterplot/CMakeFiles/CMakeTmp'
Building C object CMakeFiles/cmTC_c0bd4.dir/CheckFunctionExists.c.o
/usr/bin/cc    -DCHECK_FUNCTION_EXISTS=remove   -o CMakeFiles/cmTC_c0bd4.dir/CheckFunctionExists.c.o   -c /usr/share/cmake-3.5/Modules/CheckFunctionExists.c
Linking C executable cmTC_c0bd4
/usr/bin/cmake -E cmake_link_script CMakeFiles/cmTC_c0bd4.dir/link.txt --verbose=1
/usr/bin/cc   -DCHECK_FUNCTION_EXISTS=remove    CMakeFiles/cmTC_c0bd4.dir/CheckFunctionExists.c.o  -o cmTC_c0bd4 -rdynamic 
make[1]: Leaving directory '/home/jasminedhillon/Workspace/InformationViz/Scatterplot/CMakeFiles/CMakeTmp'


Determining if the function shmat exists passed with the following output:
Change Dir: /home/jasminedhillon/Workspace/InformationViz/Scatterplot/CMakeFiles/CMakeTmp

Run Build Command:"/usr/bin/make" "cmTC_9a9e9/fast"
/usr/bin/make -f CMakeFiles/cmTC_9a9e9.dir/build.make CMakeFiles/cmTC_9a9e9.dir/build
make[1]: Entering directory '/home/jasminedhillon/Workspace/InformationViz/Scatterplot/CMakeFiles/CMakeTmp'
Building C object CMakeFiles/cmTC_9a9e9.dir/CheckFunctionExists.c.o
/usr/bin/cc    -DCHECK_FUNCTION_EXISTS=shmat   -o CMakeFiles/cmTC_9a9e9.dir/CheckFunctionExists.c.o   -c /usr/share/cmake-3.5/Modules/CheckFunctionExists.c
Linking C executable cmTC_9a9e9
/usr/bin/cmake -E cmake_link_script CMakeFiles/cmTC_9a9e9.dir/link.txt --verbose=1
/usr/bin/cc   -DCHECK_FUNCTION_EXISTS=shmat    CMakeFiles/cmTC_9a9e9.dir/CheckFunctionExists.c.o  -o cmTC_9a9e9 -rdynamic 
make[1]: Leaving directory '/home/jasminedhillon/Workspace/InformationViz/Scatterplot/CMakeFiles/CMakeTmp'


Determining if the function IceConnectionNumber exists in the ICE passed with the following output:
Change Dir: /home/jasminedhillon/Workspace/InformationViz/Scatterplot/CMakeFiles/CMakeTmp

Run Build Command:"/usr/bin/make" "cmTC_df74f/fast"
/usr/bin/make -f CMakeFiles/cmTC_df74f.dir/build.make CMakeFiles/cmTC_df74f.dir/build
make[1]: Entering directory '/home/jasminedhillon/Workspace/InformationViz/Scatterplot/CMakeFiles/CMakeTmp'
Building C object CMakeFiles/cmTC_df74f.dir/CheckFunctionExists.c.o
/usr/bin/cc    -DCHECK_FUNCTION_EXISTS=IceConnectionNumber   -o CMakeFiles/cmTC_df74f.dir/CheckFunctionExists.c.o   -c /usr/share/cmake-3.5/Modules/CheckFunctionExists.c
Linking C executable cmTC_df74f
/usr/bin/cmake -E cmake_link_script CMakeFiles/cmTC_df74f.dir/link.txt --verbose=1
/usr/bin/cc   -DCHECK_FUNCTION_EXISTS=IceConnectionNumber    CMakeFiles/cmTC_df74f.dir/CheckFunctionExists.c.o  -o cmTC_df74f -rdynamic -lICE 
make[1]: Leaving directory '/home/jasminedhillon/Workspace/InformationViz/Scatterplot/CMakeFiles/CMakeTmp'


Determining if the include file pthread.h exists passed with the following output:
Change Dir: /home/jasminedhillon/Workspace/InformationViz/Scatterplot/CMakeFiles/CMakeTmp

Run Build Command:"/usr/bin/make" "cmTC_9711a/fast"
/usr/bin/make -f CMakeFiles/cmTC_9711a.dir/build.make CMakeFiles/cmTC_9711a.dir/build
make[1]: Entering directory '/home/jasminedhillon/Workspace/InformationViz/Scatterplot/CMakeFiles/CMakeTmp'
Building C object CMakeFiles/cmTC_9711a.dir/CheckIncludeFile.c.o
/usr/bin/cc     -o CMakeFiles/cmTC_9711a.dir/CheckIncludeFile.c.o   -c /home/jasminedhillon/Workspace/InformationViz/Scatterplot/CMakeFiles/CMakeTmp/CheckIncludeFile.c
Linking C executable cmTC_9711a
/usr/bin/cmake -E cmake_link_script CMakeFiles/cmTC_9711a.dir/link.txt --verbose=1
/usr/bin/cc       CMakeFiles/cmTC_9711a.dir/CheckIncludeFile.c.o  -o cmTC_9711a -rdynamic 
make[1]: Leaving directory '/home/jasminedhillon/Workspace/InformationViz/Scatterplot/CMakeFiles/CMakeTmp'


Determining if the function pthread_create exists in the pthread passed with the following output:
Change Dir: /home/jasminedhillon/Workspace/InformationViz/Scatterplot/CMakeFiles/CMakeTmp

Run Build Command:"/usr/bin/make" "cmTC_7b7c4/fast"
/usr/bin/make -f CMakeFiles/cmTC_7b7c4.dir/build.make CMakeFiles/cmTC_7b7c4.dir/build
make[1]: Entering directory '/home/jasminedhillon/Workspace/InformationViz/Scatterplot/CMakeFiles/CMakeTmp'
Building C object CMakeFiles/cmTC_7b7c4.dir/CheckFunctionExists.c.o
/usr/bin/cc    -DCHECK_FUNCTION_EXISTS=pthread_create   -o CMakeFiles/cmTC_7b7c4.dir/CheckFunctionExists.c.o   -c /usr/share/cmake-3.5/Modules/CheckFunctionExists.c
Linking C executable cmTC_7b7c4
/usr/bin/cmake -E cmake_link_script CMakeFiles/cmTC_7b7c4.dir/link.txt --verbose=1
/usr/bin/cc   -DCHECK_FUNCTION_EXISTS=pthread_create    CMakeFiles/cmTC_7b7c4.dir/CheckFunctionExists.c.o  -o cmTC_7b7c4 -rdynamic -lpthread 
make[1]: Leaving directory '/home/jasminedhillon/Workspace/InformationViz/Scatterplot/CMakeFiles/CMakeTmp'


Determining if the function XOpenDisplay exists in the /usr/lib/x86_64-linux-gnu/libX11.so;/usr/lib/x86_64-linux-gnu/libXext.so passed with the following output:
Change Dir: /home/jasminedhillon/Workspace/InformationViz/ScatterplotMatrix/CMakeFiles/CMakeTmp

Run Build Command:"/usr/bin/make" "cmTC_757f6/fast"
/usr/bin/make -f CMakeFiles/cmTC_757f6.dir/build.make CMakeFiles/cmTC_757f6.dir/build
make[1]: Entering directory '/home/jasminedhillon/Workspace/InformationViz/ScatterplotMatrix/CMakeFiles/CMakeTmp'
Building C object CMakeFiles/cmTC_757f6.dir/CheckFunctionExists.c.o
/usr/bin/cc    -DCHECK_FUNCTION_EXISTS=XOpenDisplay   -o CMakeFiles/cmTC_757f6.dir/CheckFunctionExists.c.o   -c /usr/share/cmake-3.5/Modules/CheckFunctionExists.c
Linking C executable cmTC_757f6
/usr/bin/cmake -E cmake_link_script CMakeFiles/cmTC_757f6.dir/link.txt --verbose=1
/usr/bin/cc   -DCHECK_FUNCTION_EXISTS=XOpenDisplay    CMakeFiles/cmTC_757f6.dir/CheckFunctionExists.c.o  -o cmTC_757f6 -rdynamic /usr/lib/x86_64-linux-gnu/libX11.so /usr/lib/x86_64-linux-gnu/libXext.so 
make[1]: Leaving directory '/home/jasminedhillon/Workspace/InformationViz/ScatterplotMatrix/CMakeFiles/CMakeTmp'


Determining if the function gethostbyname exists passed with the following output:
Change Dir: /home/jasminedhillon/Workspace/InformationViz/ScatterplotMatrix/CMakeFiles/CMakeTmp

Run Build Command:"/usr/bin/make" "cmTC_60022/fast"
/usr/bin/make -f CMakeFiles/cmTC_60022.dir/build.make CMakeFiles/cmTC_60022.dir/build
make[1]: Entering directory '/home/jasminedhillon/Workspace/InformationViz/ScatterplotMatrix/CMakeFiles/CMakeTmp'
Building C object CMakeFiles/cmTC_60022.dir/CheckFunctionExists.c.o
/usr/bin/cc    -DCHECK_FUNCTION_EXISTS=gethostbyname   -o CMakeFiles/cmTC_60022.dir/CheckFunctionExists.c.o   -c /usr/share/cmake-3.5/Modules/CheckFunctionExists.c
Linking C executable cmTC_60022
/usr/bin/cmake -E cmake_link_script CMakeFiles/cmTC_60022.dir/link.txt --verbose=1
/usr/bin/cc   -DCHECK_FUNCTION_EXISTS=gethostbyname    CMakeFiles/cmTC_60022.dir/CheckFunctionExists.c.o  -o cmTC_60022 -rdynamic 
make[1]: Leaving directory '/home/jasminedhillon/Workspace/InformationViz/ScatterplotMatrix/CMakeFiles/CMakeTmp'


Determining if the function connect exists passed with the following output:
Change Dir: /home/jasminedhillon/Workspace/InformationViz/ScatterplotMatrix/CMakeFiles/CMakeTmp

Run Build Command:"/usr/bin/make" "cmTC_f4531/fast"
/usr/bin/make -f CMakeFiles/cmTC_f4531.dir/build.make CMakeFiles/cmTC_f4531.dir/build
make[1]: Entering directory '/home/jasminedhillon/Workspace/InformationViz/ScatterplotMatrix/CMakeFiles/CMakeTmp'
Building C object CMakeFiles/cmTC_f4531.dir/CheckFunctionExists.c.o
/usr/bin/cc    -DCHECK_FUNCTION_EXISTS=connect   -o CMakeFiles/cmTC_f4531.dir/CheckFunctionExists.c.o   -c /usr/share/cmake-3.5/Modules/CheckFunctionExists.c
Linking C executable cmTC_f4531
/usr/bin/cmake -E cmake_link_script CMakeFiles/cmTC_f4531.dir/link.txt --verbose=1
/usr/bin/cc   -DCHECK_FUNCTION_EXISTS=connect    CMakeFiles/cmTC_f4531.dir/CheckFunctionExists.c.o  -o cmTC_f4531 -rdynamic 
make[1]: Leaving directory '/home/jasminedhillon/Workspace/InformationViz/ScatterplotMatrix/CMakeFiles/CMakeTmp'


Determining if the function remove exists passed with the following output:
Change Dir: /home/jasminedhillon/Workspace/InformationViz/ScatterplotMatrix/CMakeFiles/CMakeTmp

Run Build Command:"/usr/bin/make" "cmTC_38f15/fast"
/usr/bin/make -f CMakeFiles/cmTC_38f15.dir/build.make CMakeFiles/cmTC_38f15.dir/build
make[1]: Entering directory '/home/jasminedhillon/Workspace/InformationViz/ScatterplotMatrix/CMakeFiles/CMakeTmp'
Building C object CMakeFiles/cmTC_38f15.dir/CheckFunctionExists.c.o
/usr/bin/cc    -DCHECK_FUNCTION_EXISTS=remove   -o CMakeFiles/cmTC_38f15.dir/CheckFunctionExists.c.o   -c /usr/share/cmake-3.5/Modules/CheckFunctionExists.c
Linking C executable cmTC_38f15
/usr/bin/cmake -E cmake_link_script CMakeFiles/cmTC_38f15.dir/link.txt --verbose=1
/usr/bin/cc   -DCHECK_FUNCTION_EXISTS=remove    CMakeFiles/cmTC_38f15.dir/CheckFunctionExists.c.o  -o cmTC_38f15 -rdynamic 
make[1]: Leaving directory '/home/jasminedhillon/Workspace/InformationViz/ScatterplotMatrix/CMakeFiles/CMakeTmp'


Determining if the function shmat exists passed with the following output:
Change Dir: /home/jasminedhillon/Workspace/InformationViz/ScatterplotMatrix/CMakeFiles/CMakeTmp

Run Build Command:"/usr/bin/make" "cmTC_6ce5a/fast"
/usr/bin/make -f CMakeFiles/cmTC_6ce5a.dir/build.make CMakeFiles/cmTC_6ce5a.dir/build
make[1]: Entering directory '/home/jasminedhillon/Workspace/InformationViz/ScatterplotMatrix/CMakeFiles/CMakeTmp'
Building C object CMakeFiles/cmTC_6ce5a.dir/CheckFunctionExists.c.o
/usr/bin/cc    -DCHECK_FUNCTION_EXISTS=shmat   -o CMakeFiles/cmTC_6ce5a.dir/CheckFunctionExists.c.o   -c /usr/share/cmake-3.5/Modules/CheckFunctionExists.c
Linking C executable cmTC_6ce5a
/usr/bin/cmake -E cmake_link_script CMakeFiles/cmTC_6ce5a.dir/link.txt --verbose=1
/usr/bin/cc   -DCHECK_FUNCTION_EXISTS=shmat    CMakeFiles/cmTC_6ce5a.dir/CheckFunctionExists.c.o  -o cmTC_6ce5a -rdynamic 
make[1]: Leaving directory '/home/jasminedhillon/Workspace/InformationViz/ScatterplotMatrix/CMakeFiles/CMakeTmp'


Determining if the function IceConnectionNumber exists in the ICE passed with the following output:
Change Dir: /home/jasminedhillon/Workspace/InformationViz/ScatterplotMatrix/CMakeFiles/CMakeTmp

Run Build Command:"/usr/bin/make" "cmTC_128bf/fast"
/usr/bin/make -f CMakeFiles/cmTC_128bf.dir/build.make CMakeFiles/cmTC_128bf.dir/build
make[1]: Entering directory '/home/jasminedhillon/Workspace/InformationViz/ScatterplotMatrix/CMakeFiles/CMakeTmp'
Building C object CMakeFiles/cmTC_128bf.dir/CheckFunctionExists.c.o
/usr/bin/cc    -DCHECK_FUNCTION_EXISTS=IceConnectionNumber   -o CMakeFiles/cmTC_128bf.dir/CheckFunctionExists.c.o   -c /usr/share/cmake-3.5/Modules/CheckFunctionExists.c
Linking C executable cmTC_128bf
/usr/bin/cmake -E cmake_link_script CMakeFiles/cmTC_128bf.dir/link.txt --verbose=1
/usr/bin/cc   -DCHECK_FUNCTION_EXISTS=IceConnectionNumber    CMakeFiles/cmTC_128bf.dir/CheckFunctionExists.c.o  -o cmTC_128bf -rdynamic -lICE 
make[1]: Leaving directory '/home/jasminedhillon/Workspace/InformationViz/ScatterplotMatrix/CMakeFiles/CMakeTmp'


Determining if the include file pthread.h exists passed with the following output:
Change Dir: /home/jasminedhillon/Workspace/InformationViz/ScatterplotMatrix/CMakeFiles/CMakeTmp

Run Build Command:"/usr/bin/make" "cmTC_1e54f/fast"
/usr/bin/make -f CMakeFiles/cmTC_1e54f.dir/build.make CMakeFiles/cmTC_1e54f.dir/build
make[1]: Entering directory '/home/jasminedhillon/Workspace/InformationViz/ScatterplotMatrix/CMakeFiles/CMakeTmp'
Building C object CMakeFiles/cmTC_1e54f.dir/CheckIncludeFile.c.o
/usr/bin/cc     -o CMakeFiles/cmTC_1e54f.dir/CheckIncludeFile.c.o   -c /home/jasminedhillon/Workspace/InformationViz/ScatterplotMatrix/CMakeFiles/CMakeTmp/CheckIncludeFile.c
Linking C executable cmTC_1e54f
/usr/bin/cmake -E cmake_link_script CMakeFiles/cmTC_1e54f.dir/link.txt --verbose=1
/usr/bin/cc       CMakeFiles/cmTC_1e54f.dir/CheckIncludeFile.c.o  -o cmTC_1e54f -rdynamic 
make[1]: Leaving directory '/home/jasminedhillon/Workspace/InformationViz/ScatterplotMatrix/CMakeFiles/CMakeTmp'


Determining if the function pthread_create exists in the pthread passed with the following output:
Change Dir: /home/jasminedhillon/Workspace/InformationViz/ScatterplotMatrix/CMakeFiles/CMakeTmp

Run Build Command:"/usr/bin/make" "cmTC_0784c/fast"
/usr/bin/make -f CMakeFiles/cmTC_0784c.dir/build.make CMakeFiles/cmTC_0784c.dir/build
make[1]: Entering directory '/home/jasminedhillon/Workspace/InformationViz/ScatterplotMatrix/CMakeFiles/CMakeTmp'
Building C object CMakeFiles/cmTC_0784c.dir/CheckFunctionExists.c.o
/usr/bin/cc    -DCHECK_FUNCTION_EXISTS=pthread_create   -o CMakeFiles/cmTC_0784c.dir/CheckFunctionExists.c.o   -c /usr/share/cmake-3.5/Modules/CheckFunctionExists.c
Linking C executable cmTC_0784c
/usr/bin/cmake -E cmake_link_script CMakeFiles/cmTC_0784c.dir/link.txt --verbose=1
/usr/bin/cc   -DCHECK_FUNCTION_EXISTS=pthread_create    CMakeFiles/cmTC_0784c.dir/CheckFunctionExists.c.o  -o cmTC_0784c -rdynamic -lpthread 
make[1]: Leaving directory '/home/jasminedhillon/Workspace/InformationViz/ScatterplotMatrix/CMakeFiles/CMakeTmp'


