Determining if the pthread_create exist failed with the following output:
Change Dir: /home/jasminedhillon/Workspace/InformationViz/Slice/CMakeFiles/CMakeTmp

Run Build Command:"/usr/bin/make" "cmTC_aacb8/fast"
/usr/bin/make -f CMakeFiles/cmTC_aacb8.dir/build.make CMakeFiles/cmTC_aacb8.dir/build
make[1]: Entering directory '/home/jasminedhillon/Workspace/InformationViz/Slice/CMakeFiles/CMakeTmp'
Building C object CMakeFiles/cmTC_aacb8.dir/CheckSymbolExists.c.o
/usr/bin/cc     -o CMakeFiles/cmTC_aacb8.dir/CheckSymbolExists.c.o   -c /home/jasminedhillon/Workspace/InformationViz/Slice/CMakeFiles/CMakeTmp/CheckSymbolExists.c
Linking C executable cmTC_aacb8
/usr/bin/cmake -E cmake_link_script CMakeFiles/cmTC_aacb8.dir/link.txt --verbose=1
/usr/bin/cc       CMakeFiles/cmTC_aacb8.dir/CheckSymbolExists.c.o  -o cmTC_aacb8 -rdynamic 
CMakeFiles/cmTC_aacb8.dir/CheckSymbolExists.c.o:CheckSymbolExists.c:function main: error: undefined reference to 'pthread_create'
collect2: error: ld returned 1 exit status
CMakeFiles/cmTC_aacb8.dir/build.make:97: recipe for target 'cmTC_aacb8' failed
make[1]: *** [cmTC_aacb8] Error 1
make[1]: Leaving directory '/home/jasminedhillon/Workspace/InformationViz/Slice/CMakeFiles/CMakeTmp'
Makefile:126: recipe for target 'cmTC_aacb8/fast' failed
make: *** [cmTC_aacb8/fast] Error 2

File /home/jasminedhillon/Workspace/InformationViz/Slice/CMakeFiles/CMakeTmp/CheckSymbolExists.c:
/* */
#include <pthread.h>

int main(int argc, char** argv)
{
  (void)argv;
#ifndef pthread_create
  return ((int*)(&pthread_create))[argc];
#else
  (void)argc;
  return 0;
#endif
}

Determining if the function pthread_create exists in the pthreads failed with the following output:
Change Dir: /home/jasminedhillon/Workspace/InformationViz/Slice/CMakeFiles/CMakeTmp

Run Build Command:"/usr/bin/make" "cmTC_6016b/fast"
/usr/bin/make -f CMakeFiles/cmTC_6016b.dir/build.make CMakeFiles/cmTC_6016b.dir/build
make[1]: Entering directory '/home/jasminedhillon/Workspace/InformationViz/Slice/CMakeFiles/CMakeTmp'
Building C object CMakeFiles/cmTC_6016b.dir/CheckFunctionExists.c.o
/usr/bin/cc    -DCHECK_FUNCTION_EXISTS=pthread_create   -o CMakeFiles/cmTC_6016b.dir/CheckFunctionExists.c.o   -c /usr/share/cmake-3.5/Modules/CheckFunctionExists.c
Linking C executable cmTC_6016b
/usr/bin/cmake -E cmake_link_script CMakeFiles/cmTC_6016b.dir/link.txt --verbose=1
/usr/bin/cc   -DCHECK_FUNCTION_EXISTS=pthread_create    CMakeFiles/cmTC_6016b.dir/CheckFunctionExists.c.o  -o cmTC_6016b -rdynamic -lpthreads 
/usr/bin/ld: error: cannot find -lpthreads
CMakeFiles/cmTC_6016b.dir/CheckFunctionExists.c.o:CheckFunctionExists.c:function main: error: undefined reference to 'pthread_create'
collect2: error: ld returned 1 exit status
CMakeFiles/cmTC_6016b.dir/build.make:97: recipe for target 'cmTC_6016b' failed
make[1]: *** [cmTC_6016b] Error 1
make[1]: Leaving directory '/home/jasminedhillon/Workspace/InformationViz/Slice/CMakeFiles/CMakeTmp'
Makefile:126: recipe for target 'cmTC_6016b/fast' failed
make: *** [cmTC_6016b/fast] Error 2


