Determining if the pthread_create exist failed with the following output:
Change Dir: /home/jasminedhillon/Workspace/InformationViz/Isosurface/CMakeFiles/CMakeTmp

Run Build Command:"/usr/bin/make" "cmTC_92947/fast"
/usr/bin/make -f CMakeFiles/cmTC_92947.dir/build.make CMakeFiles/cmTC_92947.dir/build
make[1]: Entering directory '/home/jasminedhillon/Workspace/InformationViz/Isosurface/CMakeFiles/CMakeTmp'
Building C object CMakeFiles/cmTC_92947.dir/CheckSymbolExists.c.o
/usr/bin/cc     -o CMakeFiles/cmTC_92947.dir/CheckSymbolExists.c.o   -c /home/jasminedhillon/Workspace/InformationViz/Isosurface/CMakeFiles/CMakeTmp/CheckSymbolExists.c
Linking C executable cmTC_92947
/usr/bin/cmake -E cmake_link_script CMakeFiles/cmTC_92947.dir/link.txt --verbose=1
/usr/bin/cc       CMakeFiles/cmTC_92947.dir/CheckSymbolExists.c.o  -o cmTC_92947 -rdynamic 
CMakeFiles/cmTC_92947.dir/CheckSymbolExists.c.o:CheckSymbolExists.c:function main: error: undefined reference to 'pthread_create'
collect2: error: ld returned 1 exit status
CMakeFiles/cmTC_92947.dir/build.make:97: recipe for target 'cmTC_92947' failed
make[1]: *** [cmTC_92947] Error 1
make[1]: Leaving directory '/home/jasminedhillon/Workspace/InformationViz/Isosurface/CMakeFiles/CMakeTmp'
Makefile:126: recipe for target 'cmTC_92947/fast' failed
make: *** [cmTC_92947/fast] Error 2

File /home/jasminedhillon/Workspace/InformationViz/Isosurface/CMakeFiles/CMakeTmp/CheckSymbolExists.c:
/* */
#include <pthread.h>

int main(int argc, char** argv)
{
  (void)argv;
#ifndef pthread_create
  return ((int*)(&pthread_create))[argc];
#else
  (void)argc;
  return 0;
#endif
}

Determining if the function pthread_create exists in the pthreads failed with the following output:
Change Dir: /home/jasminedhillon/Workspace/InformationViz/Isosurface/CMakeFiles/CMakeTmp

Run Build Command:"/usr/bin/make" "cmTC_60350/fast"
/usr/bin/make -f CMakeFiles/cmTC_60350.dir/build.make CMakeFiles/cmTC_60350.dir/build
make[1]: Entering directory '/home/jasminedhillon/Workspace/InformationViz/Isosurface/CMakeFiles/CMakeTmp'
Building C object CMakeFiles/cmTC_60350.dir/CheckFunctionExists.c.o
/usr/bin/cc    -DCHECK_FUNCTION_EXISTS=pthread_create   -o CMakeFiles/cmTC_60350.dir/CheckFunctionExists.c.o   -c /usr/share/cmake-3.5/Modules/CheckFunctionExists.c
Linking C executable cmTC_60350
/usr/bin/cmake -E cmake_link_script CMakeFiles/cmTC_60350.dir/link.txt --verbose=1
/usr/bin/cc   -DCHECK_FUNCTION_EXISTS=pthread_create    CMakeFiles/cmTC_60350.dir/CheckFunctionExists.c.o  -o cmTC_60350 -rdynamic -lpthreads 
/usr/bin/ld: error: cannot find -lpthreads
CMakeFiles/cmTC_60350.dir/CheckFunctionExists.c.o:CheckFunctionExists.c:function main: error: undefined reference to 'pthread_create'
collect2: error: ld returned 1 exit status
CMakeFiles/cmTC_60350.dir/build.make:97: recipe for target 'cmTC_60350' failed
make[1]: *** [cmTC_60350] Error 1
make[1]: Leaving directory '/home/jasminedhillon/Workspace/InformationViz/Isosurface/CMakeFiles/CMakeTmp'
Makefile:126: recipe for target 'cmTC_60350/fast' failed
make: *** [cmTC_60350/fast] Error 2


