Determining if the pthread_create exist failed with the following output:
Change Dir: /home/jasminedhillon/Workspace/InformationViz/ParallelCoordsHybrid/CMakeFiles/CMakeTmp

Run Build Command:"/usr/bin/make" "cmTC_b80bd/fast"
/usr/bin/make -f CMakeFiles/cmTC_b80bd.dir/build.make CMakeFiles/cmTC_b80bd.dir/build
make[1]: Entering directory '/home/jasminedhillon/Workspace/InformationViz/ParallelCoordsHybrid/CMakeFiles/CMakeTmp'
Building C object CMakeFiles/cmTC_b80bd.dir/CheckSymbolExists.c.o
/usr/bin/cc     -o CMakeFiles/cmTC_b80bd.dir/CheckSymbolExists.c.o   -c /home/jasminedhillon/Workspace/InformationViz/ParallelCoordsHybrid/CMakeFiles/CMakeTmp/CheckSymbolExists.c
Linking C executable cmTC_b80bd
/usr/bin/cmake -E cmake_link_script CMakeFiles/cmTC_b80bd.dir/link.txt --verbose=1
/usr/bin/cc       CMakeFiles/cmTC_b80bd.dir/CheckSymbolExists.c.o  -o cmTC_b80bd -rdynamic 
CMakeFiles/cmTC_b80bd.dir/CheckSymbolExists.c.o:CheckSymbolExists.c:function main: error: undefined reference to 'pthread_create'
collect2: error: ld returned 1 exit status
CMakeFiles/cmTC_b80bd.dir/build.make:97: recipe for target 'cmTC_b80bd' failed
make[1]: *** [cmTC_b80bd] Error 1
make[1]: Leaving directory '/home/jasminedhillon/Workspace/InformationViz/ParallelCoordsHybrid/CMakeFiles/CMakeTmp'
Makefile:126: recipe for target 'cmTC_b80bd/fast' failed
make: *** [cmTC_b80bd/fast] Error 2

File /home/jasminedhillon/Workspace/InformationViz/ParallelCoordsHybrid/CMakeFiles/CMakeTmp/CheckSymbolExists.c:
/* */
#include <pthread.h>

int main(int argc, char** argv)
{
  (void)argv;
#ifndef pthread_create
  return ((int*)(&pthread_create))[argc];
#else
  (void)argc;
  return 0;
#endif
}

Determining if the function pthread_create exists in the pthreads failed with the following output:
Change Dir: /home/jasminedhillon/Workspace/InformationViz/ParallelCoordsHybrid/CMakeFiles/CMakeTmp

Run Build Command:"/usr/bin/make" "cmTC_be1b8/fast"
/usr/bin/make -f CMakeFiles/cmTC_be1b8.dir/build.make CMakeFiles/cmTC_be1b8.dir/build
make[1]: Entering directory '/home/jasminedhillon/Workspace/InformationViz/ParallelCoordsHybrid/CMakeFiles/CMakeTmp'
Building C object CMakeFiles/cmTC_be1b8.dir/CheckFunctionExists.c.o
/usr/bin/cc    -DCHECK_FUNCTION_EXISTS=pthread_create   -o CMakeFiles/cmTC_be1b8.dir/CheckFunctionExists.c.o   -c /usr/share/cmake-3.5/Modules/CheckFunctionExists.c
Linking C executable cmTC_be1b8
/usr/bin/cmake -E cmake_link_script CMakeFiles/cmTC_be1b8.dir/link.txt --verbose=1
/usr/bin/cc   -DCHECK_FUNCTION_EXISTS=pthread_create    CMakeFiles/cmTC_be1b8.dir/CheckFunctionExists.c.o  -o cmTC_be1b8 -rdynamic -lpthreads 
/usr/bin/ld: error: cannot find -lpthreads
CMakeFiles/cmTC_be1b8.dir/CheckFunctionExists.c.o:CheckFunctionExists.c:function main: error: undefined reference to 'pthread_create'
collect2: error: ld returned 1 exit status
CMakeFiles/cmTC_be1b8.dir/build.make:97: recipe for target 'cmTC_be1b8' failed
make[1]: *** [cmTC_be1b8] Error 1
make[1]: Leaving directory '/home/jasminedhillon/Workspace/InformationViz/ParallelCoordsHybrid/CMakeFiles/CMakeTmp'
Makefile:126: recipe for target 'cmTC_be1b8/fast' failed
make: *** [cmTC_be1b8/fast] Error 2


