Determining if the pthread_create exist failed with the following output:
Change Dir: /home/jasminedhillon/Workspace/InformationViz/ParallelCoords/CMakeFiles/CMakeTmp

Run Build Command:"/usr/bin/make" "cmTC_ad18d/fast"
/usr/bin/make -f CMakeFiles/cmTC_ad18d.dir/build.make CMakeFiles/cmTC_ad18d.dir/build
make[1]: Entering directory '/home/jasminedhillon/Workspace/InformationViz/ParallelCoords/CMakeFiles/CMakeTmp'
Building C object CMakeFiles/cmTC_ad18d.dir/CheckSymbolExists.c.o
/usr/bin/cc     -o CMakeFiles/cmTC_ad18d.dir/CheckSymbolExists.c.o   -c /home/jasminedhillon/Workspace/InformationViz/ParallelCoords/CMakeFiles/CMakeTmp/CheckSymbolExists.c
Linking C executable cmTC_ad18d
/usr/bin/cmake -E cmake_link_script CMakeFiles/cmTC_ad18d.dir/link.txt --verbose=1
/usr/bin/cc       CMakeFiles/cmTC_ad18d.dir/CheckSymbolExists.c.o  -o cmTC_ad18d -rdynamic 
CMakeFiles/cmTC_ad18d.dir/CheckSymbolExists.c.o:CheckSymbolExists.c:function main: error: undefined reference to 'pthread_create'
collect2: error: ld returned 1 exit status
CMakeFiles/cmTC_ad18d.dir/build.make:97: recipe for target 'cmTC_ad18d' failed
make[1]: *** [cmTC_ad18d] Error 1
make[1]: Leaving directory '/home/jasminedhillon/Workspace/InformationViz/ParallelCoords/CMakeFiles/CMakeTmp'
Makefile:126: recipe for target 'cmTC_ad18d/fast' failed
make: *** [cmTC_ad18d/fast] Error 2

File /home/jasminedhillon/Workspace/InformationViz/ParallelCoords/CMakeFiles/CMakeTmp/CheckSymbolExists.c:
/* */
#include <pthread.h>

int main(int argc, char** argv)
{
  (void)argv;
#ifndef pthread_create
  return ((int*)(&pthread_create))[argc];
#else
  (void)argc;
  return 0;
#endif
}

Determining if the function pthread_create exists in the pthreads failed with the following output:
Change Dir: /home/jasminedhillon/Workspace/InformationViz/ParallelCoords/CMakeFiles/CMakeTmp

Run Build Command:"/usr/bin/make" "cmTC_b9cd9/fast"
/usr/bin/make -f CMakeFiles/cmTC_b9cd9.dir/build.make CMakeFiles/cmTC_b9cd9.dir/build
make[1]: Entering directory '/home/jasminedhillon/Workspace/InformationViz/ParallelCoords/CMakeFiles/CMakeTmp'
Building C object CMakeFiles/cmTC_b9cd9.dir/CheckFunctionExists.c.o
/usr/bin/cc    -DCHECK_FUNCTION_EXISTS=pthread_create   -o CMakeFiles/cmTC_b9cd9.dir/CheckFunctionExists.c.o   -c /usr/share/cmake-3.5/Modules/CheckFunctionExists.c
Linking C executable cmTC_b9cd9
/usr/bin/cmake -E cmake_link_script CMakeFiles/cmTC_b9cd9.dir/link.txt --verbose=1
/usr/bin/cc   -DCHECK_FUNCTION_EXISTS=pthread_create    CMakeFiles/cmTC_b9cd9.dir/CheckFunctionExists.c.o  -o cmTC_b9cd9 -rdynamic -lpthreads 
/usr/bin/ld: error: cannot find -lpthreads
CMakeFiles/cmTC_b9cd9.dir/CheckFunctionExists.c.o:CheckFunctionExists.c:function main: error: undefined reference to 'pthread_create'
collect2: error: ld returned 1 exit status
CMakeFiles/cmTC_b9cd9.dir/build.make:97: recipe for target 'cmTC_b9cd9' failed
make[1]: *** [cmTC_b9cd9] Error 1
make[1]: Leaving directory '/home/jasminedhillon/Workspace/InformationViz/ParallelCoords/CMakeFiles/CMakeTmp'
Makefile:126: recipe for target 'cmTC_b9cd9/fast' failed
make: *** [cmTC_b9cd9/fast] Error 2


